#
# There is insufficient memory for the Java Runtime Environment to continue.
# Native memory allocation (malloc) failed to allocate 851616 bytes for Chunk::new
# Possible reasons:
#   The system is out of physical RAM or swap space
#   The process is running with CompressedOops enabled, and the Java Heap may be blocking the growth of the native heap
# Possible solutions:
#   Reduce memory load on the system
#   Increase physical memory or swap space
#   Check if swap backing store is full
#   Decrease Java heap size (-Xmx/-Xms)
#   Decrease number of Java threads
#   Decrease Java thread stack sizes (-Xss)
#   Set larger code cache with -XX:ReservedCodeCacheSize=
#   JVM is running with Unscaled Compressed Oops mode in which the Java heap is
#     placed in the first 4GB address space. The Java Heap base address is the
#     maximum limit for the native heap growth. Please use -XX:HeapBaseMinAddress
#     to set the Java Heap base and to place the Java Heap above 4GB virtual address.
# This output file may be truncated or incomplete.
#
#  Out of Memory Error (arena.cpp:191), pid=16344, tid=5560
#
# JRE version: OpenJDK Runtime Environment Temurin-17.0.9+9 (17.0.9+9) (build 17.0.9+9)
# Java VM: OpenJDK 64-Bit Server VM Temurin-17.0.9+9 (17.0.9+9, mixed mode, tiered, compressed oops, compressed class ptrs, parallel gc, windows-amd64)
# No core dump will be written. Minidumps are not enabled by default on client versions of Windows
#

---------------  S U M M A R Y ------------

Command Line: --add-modules=ALL-SYSTEM --add-opens=java.base/java.util=ALL-UNNAMED --add-opens=java.base/java.lang=ALL-UNNAMED --add-opens=java.base/sun.nio.fs=ALL-UNNAMED -Declipse.application=org.eclipse.jdt.ls.core.id1 -Dosgi.bundles.defaultStartLevel=4 -Declipse.product=org.eclipse.jdt.ls.core.product -Djava.import.generatesMetadataFilesAtProjectRoot=false -DDetectVMInstallationsJob.disabled=true -Dfile.encoding=utf8 -XX:+UseParallelGC -XX:GCTimeRatio=4 -XX:AdaptiveSizePolicyWeight=90 -Dsun.zip.disableMemoryMapping=true -Xmx1G -Xms100m -Xlog:disable -javaagent:c:\Users\顯闉\.vscode\extensions\redhat.java-1.25.0-win32-x64\lombok\lombok-1.18.30.jar c:\Users\顯闉\.vscode\extensions\redhat.java-1.25.0-win32-x64\server\plugins\org.eclipse.equinox.launcher_1.6.600.v20231012-1237.jar -configuration c:\Users\顯闉\AppData\Roaming\Code\User\globalStorage\redhat.java\1.25.0\config_ss_win -data c:\Users\顯闉\AppData\Roaming\Code\User\workspaceStorage\26e44e572e65a93c5b02d3bb3715b486\redhat.java\ss_ws --stdio

Host: Intel(R) Core(TM) i3-7100U CPU @ 2.40GHz, 4 cores, 3G,  Windows 10 , 64 bit Build 19041 (10.0.19041.3636)
Time: Sun Dec  3 00:32:58 2023  Windows 10 , 64 bit Build 19041 (10.0.19041.3636) elapsed time: 8.890558 seconds (0d 0h 0m 8s)

---------------  T H R E A D  ---------------

Current thread (0x0000026dfe321e60):  JavaThread "C2 CompilerThread0" daemon [_thread_in_native, id=5560, stack(0x000000d499500000,0x000000d499600000)]


Current CompileTask:
C2:   8890 4310       4       java.io.WinNTFileSystem::normalize (143 bytes)

Stack: [0x000000d499500000,0x000000d499600000]
Native frames: (J=compiled Java code, j=interpreted, Vv=VM code, C=native code)
V  [jvm.dll+0x67cf49]
V  [jvm.dll+0x83478a]
V  [jvm.dll+0x83624e]
V  [jvm.dll+0x8368b3]
V  [jvm.dll+0x247f1f]
V  [jvm.dll+0xac43c]
V  [jvm.dll+0xaca8c]
V  [jvm.dll+0x2af45f]
V  [jvm.dll+0x5853f7]
V  [jvm.dll+0x222f62]
V  [jvm.dll+0x22334f]
V  [jvm.dll+0x21c476]
V  [jvm.dll+0x2198c1]
V  [jvm.dll+0x1a57cd]
V  [jvm.dll+0x2297ae]
V  [jvm.dll+0x22797c]
V  [jvm.dll+0x7e9877]
V  [jvm.dll+0x7e3c3a]
V  [jvm.dll+0x67be35]
C  [ucrtbase.dll+0x21bb2]
C  [KERNEL32.DLL+0x17344]
C  [ntdll.dll+0x526b1]


---------------  P R O C E S S  ---------------

Threads class SMR info:
_java_thread_list=0x0000026d98f57550, length=25, elements={
0x0000026dfb48ad80, 0x0000026dfe2dd740, 0x0000026dfe2de750, 0x0000026dff448490,
0x0000026dff44b630, 0x0000026dff44e1d0, 0x0000026dfe31f4d0, 0x0000026dfe321e60,
0x0000026dff4a9130, 0x0000026dff4a9650, 0x0000026dff586c70, 0x0000026dff7d95f0,
0x0000026d983dd930, 0x0000026d981c9780, 0x0000026d981ca470, 0x0000026d98231120,
0x0000026d986b3a90, 0x0000026d986b3580, 0x0000026d986b3fa0, 0x0000026d986b49c0,
0x0000026d986b3070, 0x0000026d99009120, 0x0000026d9900e730, 0x0000026d99009630,
0x0000026d9900beb0
}

Java Threads: ( => current thread )
  0x0000026dfb48ad80 JavaThread "main" [_thread_blocked, id=12932, stack(0x000000d498c00000,0x000000d498d00000)]
  0x0000026dfe2dd740 JavaThread "Reference Handler" daemon [_thread_blocked, id=22216, stack(0x000000d498f00000,0x000000d499000000)]
  0x0000026dfe2de750 JavaThread "Finalizer" daemon [_thread_blocked, id=15708, stack(0x000000d499000000,0x000000d499100000)]
  0x0000026dff448490 JavaThread "Signal Dispatcher" daemon [_thread_blocked, id=15704, stack(0x000000d499100000,0x000000d499200000)]
  0x0000026dff44b630 JavaThread "Attach Listener" daemon [_thread_blocked, id=13552, stack(0x000000d499200000,0x000000d499300000)]
  0x0000026dff44e1d0 JavaThread "Service Thread" daemon [_thread_blocked, id=8980, stack(0x000000d499300000,0x000000d499400000)]
  0x0000026dfe31f4d0 JavaThread "Monitor Deflation Thread" daemon [_thread_blocked, id=9756, stack(0x000000d499400000,0x000000d499500000)]
=>0x0000026dfe321e60 JavaThread "C2 CompilerThread0" daemon [_thread_in_native, id=5560, stack(0x000000d499500000,0x000000d499600000)]
  0x0000026dff4a9130 JavaThread "C1 CompilerThread0" daemon [_thread_blocked, id=21116, stack(0x000000d499600000,0x000000d499700000)]
  0x0000026dff4a9650 JavaThread "Sweeper thread" daemon [_thread_blocked, id=19576, stack(0x000000d499700000,0x000000d499800000)]
  0x0000026dff586c70 JavaThread "Common-Cleaner" daemon [_thread_blocked, id=8996, stack(0x000000d499800000,0x000000d499900000)]
  0x0000026dff7d95f0 JavaThread "Notification Thread" daemon [_thread_blocked, id=1732, stack(0x000000d499900000,0x000000d499a00000)]
  0x0000026d983dd930 JavaThread "Active Thread: Equinox Container: 0495520b-788d-4128-b132-8e043423c0ea" [_thread_blocked, id=2704, stack(0x000000d499e00000,0x000000d499f00000)]
  0x0000026d981c9780 JavaThread "Framework Event Dispatcher: Equinox Container: 0495520b-788d-4128-b132-8e043423c0ea" daemon [_thread_blocked, id=22700, stack(0x000000d499f00000,0x000000d49a000000)]
  0x0000026d981ca470 JavaThread "Start Level: Equinox Container: 0495520b-788d-4128-b132-8e043423c0ea" daemon [_thread_blocked, id=13828, stack(0x000000d49a000000,0x000000d49a100000)]
  0x0000026d98231120 JavaThread "SCR Component Actor" daemon [_thread_blocked, id=11832, stack(0x000000d49a100000,0x000000d49a200000)]
  0x0000026d986b3a90 JavaThread "Worker-JM" [_thread_blocked, id=16240, stack(0x000000d49a300000,0x000000d49a400000)]
  0x0000026d986b3580 JavaThread "Worker-0" [_thread_blocked, id=1216, stack(0x000000d49a400000,0x000000d49a500000)]
  0x0000026d986b3fa0 JavaThread "Worker-1" [_thread_blocked, id=10928, stack(0x000000d49a500000,0x000000d49a600000)]
  0x0000026d986b49c0 JavaThread "JNA Cleaner" daemon [_thread_blocked, id=15152, stack(0x000000d49a600000,0x000000d49a700000)]
  0x0000026d986b3070 JavaThread "pool-2-thread-1" [_thread_blocked, id=11428, stack(0x000000d49a900000,0x000000d49aa00000)]
  0x0000026d99009120 JavaThread "WorkspaceEventsHandler" [_thread_blocked, id=13336, stack(0x000000d49aa00000,0x000000d49ab00000)]
  0x0000026d9900e730 JavaThread "pool-1-thread-1" [_thread_in_Java, id=21456, stack(0x000000d49ab00000,0x000000d49ac00000)]
  0x0000026d99009630 JavaThread "Worker-2" [_thread_blocked, id=23392, stack(0x000000d49ac00000,0x000000d49ad00000)]
  0x0000026d9900beb0 JavaThread "ForkJoinPool.commonPool-worker-1" daemon [_thread_blocked, id=20072, stack(0x000000d49ae00000,0x000000d49af00000)]

Other Threads:
  0x0000026dfb55eb90 VMThread "VM Thread" [stack: 0x000000d498e00000,0x000000d498f00000] [id=14284]
  0x0000026dff7749a0 WatcherThread [stack: 0x000000d499a00000,0x000000d499b00000] [id=13044]
  0x0000026dfb4ae5a0 GCTaskThread "GC Thread#0" [stack: 0x000000d498d00000,0x000000d498e00000] [id=15756]
  0x0000026d97dacee0 GCTaskThread "GC Thread#1" [stack: 0x000000d499b00000,0x000000d499c00000] [id=18388]
  0x0000026d97f0f5d0 GCTaskThread "GC Thread#2" [stack: 0x000000d499c00000,0x000000d499d00000] [id=12484]
  0x0000026d97f0f890 GCTaskThread "GC Thread#3" [stack: 0x000000d499d00000,0x000000d499e00000] [id=8952]

Threads with active compile tasks:
C2 CompilerThread0     8950 4310       4       java.io.WinNTFileSystem::normalize (143 bytes)
C1 CompilerThread0     8950 4428   !   3       sun.nio.fs.WindowsPath::initOffsets (153 bytes)

VM state: not at safepoint (normal execution)

VM Mutex/Monitor currently owned by a thread:  ([mutex/lock_event])
[0x0000026dfb48bc50] Heap_lock - owner thread: 0x0000026d9900beb0

Heap address: 0x00000000c0000000, size: 1024 MB, Compressed Oops mode: 32-bit

CDS archive(s) not mapped
Compressed class space mapped at: 0x0000000100000000-0x0000000140000000, reserved size: 1073741824
Narrow klass base: 0x0000000000000000, Narrow klass shift: 3, Narrow klass range: 0x140000000

GC Precious Log:
 CPUs: 4 total, 4 available
 Memory: 3979M
 Large Page Support: Disabled
 NUMA Support: Disabled
 Compressed Oops: Enabled (32-bit)
 Alignments: Space 512K, Generation 512K, Heap 2M
 Heap Min Capacity: 100M
 Heap Initial Capacity: 100M
 Heap Max Capacity: 1G
 Pre-touch: Disabled
 Parallel Workers: 4

Heap:
 PSYoungGen      total 23040K, used 1383K [0x00000000eab00000, 0x00000000ec580000, 0x0000000100000000)
  eden space 22016K, 2% used [0x00000000eab00000,0x00000000eab73108,0x00000000ec080000)
  from space 1024K, 99% used [0x00000000ec480000,0x00000000ec57f148,0x00000000ec580000)
  to   space 2560K, 0% used [0x00000000ec080000,0x00000000ec080000,0x00000000ec300000)
 ParOldGen       total 68608K, used 26681K [0x00000000c0000000, 0x00000000c4300000, 0x00000000eab00000)
  object space 68608K, 38% used [0x00000000c0000000,0x00000000c1a0e780,0x00000000c4300000)
 Metaspace       used 42339K, committed 43072K, reserved 1114112K
  class space    used 4282K, committed 4608K, reserved 1048576K

Card table byte_map: [0x0000026dfae40000,0x0000026dfb050000] _byte_map_base: 0x0000026dfa840000

Marking Bits: (ParMarkBitMap*) 0x00007ffde1cad0b0
 Begin Bits: [0x0000026d8f000000, 0x0000026d90000000)
 End Bits:   [0x0000026d90000000, 0x0000026d91000000)

Polling page: 0x0000026df93c0000

Metaspace:

Usage:
  Non-class:     37.16 MB used.
      Class:      4.18 MB used.
       Both:     41.35 MB used.

Virtual space:
  Non-class space:       64.00 MB reserved,      37.56 MB ( 59%) committed,  1 nodes.
      Class space:        1.00 GB reserved,       4.50 MB ( <1%) committed,  1 nodes.
             Both:        1.06 GB reserved,      42.06 MB (  4%) committed. 

Chunk freelists:
   Non-Class:  10.36 MB
       Class:  11.48 MB
        Both:  21.84 MB

MaxMetaspaceSize: unlimited
CompressedClassSpaceSize: 1.00 GB
Initial GC threshold: 21.00 MB
Current GC threshold: 58.38 MB
CDS: off
MetaspaceReclaimPolicy: balanced
 - commit_granule_bytes: 65536.
 - commit_granule_words: 8192.
 - virtual_space_node_default_size: 8388608.
 - enlarge_chunks_in_place: 1.
 - new_chunks_are_fully_committed: 0.
 - uncommit_free_chunks: 1.
 - use_allocation_guard: 0.
 - handle_deallocations: 1.


Internal statistics:

num_allocs_failed_limit: 6.
num_arena_births: 376.
num_arena_deaths: 14.
num_vsnodes_births: 2.
num_vsnodes_deaths: 0.
num_space_committed: 673.
num_space_uncommitted: 0.
num_chunks_returned_to_freelist: 20.
num_chunks_taken_from_freelist: 1687.
num_chunk_merges: 10.
num_chunk_splits: 1130.
num_chunks_enlarged: 788.
num_inconsistent_stats: 0.

CodeHeap 'non-profiled nmethods': size=120000Kb used=1756Kb max_used=1756Kb free=118243Kb
 bounds [0x0000026d87ad0000, 0x0000026d87d40000, 0x0000026d8f000000]
CodeHeap 'profiled nmethods': size=120000Kb used=8748Kb max_used=8748Kb free=111251Kb
 bounds [0x0000026d80000000, 0x0000026d80890000, 0x0000026d87530000]
CodeHeap 'non-nmethods': size=5760Kb used=1300Kb max_used=1350Kb free=4459Kb
 bounds [0x0000026d87530000, 0x0000026d877a0000, 0x0000026d87ad0000]
 total_blobs=5014 nmethods=4384 adapters=544
 compilation: enabled
              stopped_count=0, restarted_count=0
 full_count=0

Compilation events (20 events):
Event: 8.856 Thread 0x0000026dff4a9130 4382       2       com.sun.org.apache.xerces.internal.impl.dtd.XMLDTDValidator::setProperty (1 bytes)
Event: 8.856 Thread 0x0000026dff4a9130 nmethod 4382 0x0000026d80869490 code [0x0000026d80869620, 0x0000026d80869718]
Event: 8.857 Thread 0x0000026dff4a9130 4383       2       com.sun.org.apache.xerces.internal.impl.XMLScanner::setProperty (94 bytes)
Event: 8.857 Thread 0x0000026dff4a9130 nmethod 4383 0x0000026d80869790 code [0x0000026d80869980, 0x0000026d80869d78]
Event: 8.858 Thread 0x0000026dff4a9130 4384       2       com.sun.org.apache.xerces.internal.utils.XMLLimitAnalyzer::addValue (11 bytes)
Event: 8.858 Thread 0x0000026dff4a9130 nmethod 4384 0x0000026d8086a010 code [0x0000026d8086a1a0, 0x0000026d8086a2c8]
Event: 8.858 Thread 0x0000026dff4a9130 4385       2       com.sun.org.apache.xerces.internal.utils.XMLLimitAnalyzer::addValue (260 bytes)
Event: 8.859 Thread 0x0000026dff4a9130 nmethod 4385 0x0000026d8086a390 code [0x0000026d8086a5e0, 0x0000026d8086ad88]
Event: 8.859 Thread 0x0000026dff4a9130 4386       2       org.eclipse.jdt.internal.compiler.util.GenericXMLWriter::appendEscapedChar (39 bytes)
Event: 8.860 Thread 0x0000026dff4a9130 nmethod 4386 0x0000026d8086b310 code [0x0000026d8086b500, 0x0000026d8086baa8]
Event: 8.860 Thread 0x0000026dff4a9130 4387       2       org.eclipse.jdt.internal.compiler.util.GenericXMLWriter::getReplacement (69 bytes)
Event: 8.860 Thread 0x0000026dff4a9130 nmethod 4387 0x0000026d8086bd10 code [0x0000026d8086bee0, 0x0000026d8086c0f8]
Event: 8.860 Thread 0x0000026dff4a9130 4388   !   2       java.io.PrintWriter::write (58 bytes)
Event: 8.861 Thread 0x0000026dff4a9130 nmethod 4388 0x0000026d8086c190 code [0x0000026d8086c380, 0x0000026d8086c748]
Event: 8.876 Thread 0x0000026dff4a9130 4389   !   2       org.eclipse.osgi.internal.loader.BundleLoader::findDynamicSource (173 bytes)
Event: 8.878 Thread 0x0000026dff4a9130 nmethod 4389 0x0000026d8086ca10 code [0x0000026d8086cce0, 0x0000026d8086d458]
Event: 8.885 Thread 0x0000026dff4a9130 4390       2       org.eclipse.core.runtime.Platform::getPreferencesService (7 bytes)
Event: 8.885 Thread 0x0000026dff4a9130 nmethod 4390 0x0000026d8086db10 code [0x0000026d8086dcc0, 0x0000026d8086de48]
Event: 8.885 Thread 0x0000026dff4a9130 4391       2       org.eclipse.core.internal.runtime.InternalPlatform::getPreferencesService (22 bytes)
Event: 8.885 Thread 0x0000026dff4a9130 nmethod 4391 0x0000026d8086df90 code [0x0000026d8086e140, 0x0000026d8086e2c8]

GC Heap History (20 events):
Event: 5.759 GC heap before
{Heap before GC invocations=10 (full 2):
 PSYoungGen      total 27136K, used 2959K [0x00000000eab00000, 0x00000000ec980000, 0x0000000100000000)
  eden space 24064K, 0% used [0x00000000eab00000,0x00000000eab00000,0x00000000ec280000)
  from space 3072K, 96% used [0x00000000ec680000,0x00000000ec963fe8,0x00000000ec980000)
  to   space 3072K, 0% used [0x00000000ec380000,0x00000000ec380000,0x00000000ec680000)
 ParOldGen       total 68608K, used 8327K [0x00000000c0000000, 0x00000000c4300000, 0x00000000eab00000)
  object space 68608K, 12% used [0x00000000c0000000,0x00000000c0821fd0,0x00000000c4300000)
 Metaspace       used 35155K, committed 35840K, reserved 1114112K
  class space    used 3580K, committed 3904K, reserved 1048576K
}
Event: 5.797 GC heap after
{Heap after GC invocations=10 (full 2):
 PSYoungGen      total 27136K, used 0K [0x00000000eab00000, 0x00000000ec980000, 0x0000000100000000)
  eden space 24064K, 0% used [0x00000000eab00000,0x00000000eab00000,0x00000000ec280000)
  from space 3072K, 0% used [0x00000000ec680000,0x00000000ec680000,0x00000000ec980000)
  to   space 3072K, 0% used [0x00000000ec380000,0x00000000ec380000,0x00000000ec680000)
 ParOldGen       total 68608K, used 11080K [0x00000000c0000000, 0x00000000c4300000, 0x00000000eab00000)
  object space 68608K, 16% used [0x00000000c0000000,0x00000000c0ad20a8,0x00000000c4300000)
 Metaspace       used 35155K, committed 35840K, reserved 1114112K
  class space    used 3580K, committed 3904K, reserved 1048576K
}
Event: 6.381 GC heap before
{Heap before GC invocations=11 (full 2):
 PSYoungGen      total 27136K, used 24064K [0x00000000eab00000, 0x00000000ec980000, 0x0000000100000000)
  eden space 24064K, 100% used [0x00000000eab00000,0x00000000ec280000,0x00000000ec280000)
  from space 3072K, 0% used [0x00000000ec680000,0x00000000ec680000,0x00000000ec980000)
  to   space 3072K, 0% used [0x00000000ec380000,0x00000000ec380000,0x00000000ec680000)
 ParOldGen       total 68608K, used 11080K [0x00000000c0000000, 0x00000000c4300000, 0x00000000eab00000)
  object space 68608K, 16% used [0x00000000c0000000,0x00000000c0ad20a8,0x00000000c4300000)
 Metaspace       used 36969K, committed 37632K, reserved 1114112K
  class space    used 3770K, committed 4032K, reserved 1048576K
}
Event: 6.385 GC heap after
{Heap after GC invocations=11 (full 2):
 PSYoungGen      total 25600K, used 1680K [0x00000000eab00000, 0x00000000ec700000, 0x0000000100000000)
  eden space 23552K, 0% used [0x00000000eab00000,0x00000000eab00000,0x00000000ec200000)
  from space 2048K, 82% used [0x00000000ec380000,0x00000000ec524030,0x00000000ec580000)
  to   space 1536K, 0% used [0x00000000ec580000,0x00000000ec580000,0x00000000ec700000)
 ParOldGen       total 68608K, used 11088K [0x00000000c0000000, 0x00000000c4300000, 0x00000000eab00000)
  object space 68608K, 16% used [0x00000000c0000000,0x00000000c0ad40a8,0x00000000c4300000)
 Metaspace       used 36969K, committed 37632K, reserved 1114112K
  class space    used 3770K, committed 4032K, reserved 1048576K
}
Event: 6.499 GC heap before
{Heap before GC invocations=12 (full 2):
 PSYoungGen      total 25600K, used 25232K [0x00000000eab00000, 0x00000000ec700000, 0x0000000100000000)
  eden space 23552K, 100% used [0x00000000eab00000,0x00000000ec200000,0x00000000ec200000)
  from space 2048K, 82% used [0x00000000ec380000,0x00000000ec524030,0x00000000ec580000)
  to   space 1536K, 0% used [0x00000000ec580000,0x00000000ec580000,0x00000000ec700000)
 ParOldGen       total 68608K, used 11088K [0x00000000c0000000, 0x00000000c4300000, 0x00000000eab00000)
  object space 68608K, 16% used [0x00000000c0000000,0x00000000c0ad40a8,0x00000000c4300000)
 Metaspace       used 37166K, committed 37824K, reserved 1114112K
  class space    used 3790K, committed 4032K, reserved 1048576K
}
Event: 6.504 GC heap after
{Heap after GC invocations=12 (full 2):
 PSYoungGen      total 24576K, used 1520K [0x00000000eab00000, 0x00000000ec980000, 0x0000000100000000)
  eden space 23040K, 0% used [0x00000000eab00000,0x00000000eab00000,0x00000000ec180000)
  from space 1536K, 98% used [0x00000000ec580000,0x00000000ec6fc030,0x00000000ec700000)
  to   space 4096K, 0% used [0x00000000ec180000,0x00000000ec180000,0x00000000ec580000)
 ParOldGen       total 68608K, used 13096K [0x00000000c0000000, 0x00000000c4300000, 0x00000000eab00000)
  object space 68608K, 19% used [0x00000000c0000000,0x00000000c0cca0a8,0x00000000c4300000)
 Metaspace       used 37166K, committed 37824K, reserved 1114112K
  class space    used 3790K, committed 4032K, reserved 1048576K
}
Event: 6.597 GC heap before
{Heap before GC invocations=13 (full 2):
 PSYoungGen      total 24576K, used 24560K [0x00000000eab00000, 0x00000000ec980000, 0x0000000100000000)
  eden space 23040K, 100% used [0x00000000eab00000,0x00000000ec180000,0x00000000ec180000)
  from space 1536K, 98% used [0x00000000ec580000,0x00000000ec6fc030,0x00000000ec700000)
  to   space 4096K, 0% used [0x00000000ec180000,0x00000000ec180000,0x00000000ec580000)
 ParOldGen       total 68608K, used 13096K [0x00000000c0000000, 0x00000000c4300000, 0x00000000eab00000)
  object space 68608K, 19% used [0x00000000c0000000,0x00000000c0cca0a8,0x00000000c4300000)
 Metaspace       used 37248K, committed 37952K, reserved 1114112K
  class space    used 3801K, committed 4096K, reserved 1048576K
}
Event: 6.602 GC heap after
{Heap after GC invocations=13 (full 2):
 PSYoungGen      total 25088K, used 2464K [0x00000000eab00000, 0x00000000ec700000, 0x0000000100000000)
  eden space 22528K, 0% used [0x00000000eab00000,0x00000000eab00000,0x00000000ec100000)
  from space 2560K, 96% used [0x00000000ec180000,0x00000000ec3e8020,0x00000000ec400000)
  to   space 3072K, 0% used [0x00000000ec400000,0x00000000ec400000,0x00000000ec700000)
 ParOldGen       total 68608K, used 14557K [0x00000000c0000000, 0x00000000c4300000, 0x00000000eab00000)
  object space 68608K, 21% used [0x00000000c0000000,0x00000000c0e37440,0x00000000c4300000)
 Metaspace       used 37248K, committed 37952K, reserved 1114112K
  class space    used 3801K, committed 4096K, reserved 1048576K
}
Event: 6.647 GC heap before
{Heap before GC invocations=14 (full 2):
 PSYoungGen      total 25088K, used 24992K [0x00000000eab00000, 0x00000000ec700000, 0x0000000100000000)
  eden space 22528K, 100% used [0x00000000eab00000,0x00000000ec100000,0x00000000ec100000)
  from space 2560K, 96% used [0x00000000ec180000,0x00000000ec3e8020,0x00000000ec400000)
  to   space 3072K, 0% used [0x00000000ec400000,0x00000000ec400000,0x00000000ec700000)
 ParOldGen       total 68608K, used 14557K [0x00000000c0000000, 0x00000000c4300000, 0x00000000eab00000)
  object space 68608K, 21% used [0x00000000c0000000,0x00000000c0e37440,0x00000000c4300000)
 Metaspace       used 37252K, committed 37952K, reserved 1114112K
  class space    used 3801K, committed 4096K, reserved 1048576K
}
Event: 6.651 GC heap after
{Heap after GC invocations=14 (full 2):
 PSYoungGen      total 24064K, used 1984K [0x00000000eab00000, 0x00000000ec600000, 0x0000000100000000)
  eden space 22016K, 0% used [0x00000000eab00000,0x00000000eab00000,0x00000000ec080000)
  from space 2048K, 96% used [0x00000000ec400000,0x00000000ec5f0000,0x00000000ec600000)
  to   space 2560K, 0% used [0x00000000ec100000,0x00000000ec100000,0x00000000ec380000)
 ParOldGen       total 68608K, used 16974K [0x00000000c0000000, 0x00000000c4300000, 0x00000000eab00000)
  object space 68608K, 24% used [0x00000000c0000000,0x00000000c1093ac0,0x00000000c4300000)
 Metaspace       used 37252K, committed 37952K, reserved 1114112K
  class space    used 3801K, committed 4096K, reserved 1048576K
}
Event: 6.703 GC heap before
{Heap before GC invocations=15 (full 2):
 PSYoungGen      total 24064K, used 24000K [0x00000000eab00000, 0x00000000ec600000, 0x0000000100000000)
  eden space 22016K, 100% used [0x00000000eab00000,0x00000000ec080000,0x00000000ec080000)
  from space 2048K, 96% used [0x00000000ec400000,0x00000000ec5f0000,0x00000000ec600000)
  to   space 2560K, 0% used [0x00000000ec100000,0x00000000ec100000,0x00000000ec380000)
 ParOldGen       total 68608K, used 16974K [0x00000000c0000000, 0x00000000c4300000, 0x00000000eab00000)
  object space 68608K, 24% used [0x00000000c0000000,0x00000000c1093ac0,0x00000000c4300000)
 Metaspace       used 37252K, committed 37952K, reserved 1114112K
  class space    used 3801K, committed 4096K, reserved 1048576K
}
Event: 6.708 GC heap after
{Heap after GC invocations=15 (full 2):
 PSYoungGen      total 24576K, used 2272K [0x00000000eab00000, 0x00000000ec580000, 0x0000000100000000)
  eden space 22016K, 0% used [0x00000000eab00000,0x00000000eab00000,0x00000000ec080000)
  from space 2560K, 88% used [0x00000000ec100000,0x00000000ec338010,0x00000000ec380000)
  to   space 2048K, 0% used [0x00000000ec380000,0x00000000ec380000,0x00000000ec580000)
 ParOldGen       total 68608K, used 18910K [0x00000000c0000000, 0x00000000c4300000, 0x00000000eab00000)
  object space 68608K, 27% used [0x00000000c0000000,0x00000000c1277ac0,0x00000000c4300000)
 Metaspace       used 37252K, committed 37952K, reserved 1114112K
  class space    used 3801K, committed 4096K, reserved 1048576K
}
Event: 6.756 GC heap before
{Heap before GC invocations=16 (full 2):
 PSYoungGen      total 24576K, used 24288K [0x00000000eab00000, 0x00000000ec580000, 0x0000000100000000)
  eden space 22016K, 100% used [0x00000000eab00000,0x00000000ec080000,0x00000000ec080000)
  from space 2560K, 88% used [0x00000000ec100000,0x00000000ec338010,0x00000000ec380000)
  to   space 2048K, 0% used [0x00000000ec380000,0x00000000ec380000,0x00000000ec580000)
 ParOldGen       total 68608K, used 18910K [0x00000000c0000000, 0x00000000c4300000, 0x00000000eab00000)
  object space 68608K, 27% used [0x00000000c0000000,0x00000000c1277ac0,0x00000000c4300000)
 Metaspace       used 37252K, committed 37952K, reserved 1114112K
  class space    used 3801K, committed 4096K, reserved 1048576K
}
Event: 6.763 GC heap after
{Heap after GC invocations=16 (full 2):
 PSYoungGen      total 24064K, used 1856K [0x00000000eab00000, 0x00000000ec580000, 0x0000000100000000)
  eden space 22016K, 0% used [0x00000000eab00000,0x00000000eab00000,0x00000000ec080000)
  from space 2048K, 90% used [0x00000000ec380000,0x00000000ec550000,0x00000000ec580000)
  to   space 2048K, 0% used [0x00000000ec180000,0x00000000ec180000,0x00000000ec380000)
 ParOldGen       total 68608K, used 21118K [0x00000000c0000000, 0x00000000c4300000, 0x00000000eab00000)
  object space 68608K, 30% used [0x00000000c0000000,0x00000000c149fad0,0x00000000c4300000)
 Metaspace       used 37252K, committed 37952K, reserved 1114112K
  class space    used 3801K, committed 4096K, reserved 1048576K
}
Event: 7.047 GC heap before
{Heap before GC invocations=17 (full 2):
 PSYoungGen      total 24064K, used 23872K [0x00000000eab00000, 0x00000000ec580000, 0x0000000100000000)
  eden space 22016K, 100% used [0x00000000eab00000,0x00000000ec080000,0x00000000ec080000)
  from space 2048K, 90% used [0x00000000ec380000,0x00000000ec550000,0x00000000ec580000)
  to   space 2048K, 0% used [0x00000000ec180000,0x00000000ec180000,0x00000000ec380000)
 ParOldGen       total 68608K, used 21118K [0x00000000c0000000, 0x00000000c4300000, 0x00000000eab00000)
  object space 68608K, 30% used [0x00000000c0000000,0x00000000c149fad0,0x00000000c4300000)
 Metaspace       used 38216K, committed 38976K, reserved 1114112K
  class space    used 3894K, committed 4224K, reserved 1048576K
}
Event: 7.052 GC heap after
{Heap after GC invocations=17 (full 2):
 PSYoungGen      total 24064K, used 2048K [0x00000000eab00000, 0x00000000ec980000, 0x0000000100000000)
  eden space 22016K, 0% used [0x00000000eab00000,0x00000000eab00000,0x00000000ec080000)
  from space 2048K, 100% used [0x00000000ec180000,0x00000000ec380000,0x00000000ec380000)
  to   space 4608K, 0% used [0x00000000ec500000,0x00000000ec500000,0x00000000ec980000)
 ParOldGen       total 68608K, used 23076K [0x00000000c0000000, 0x00000000c4300000, 0x00000000eab00000)
  object space 68608K, 33% used [0x00000000c0000000,0x00000000c1689350,0x00000000c4300000)
 Metaspace       used 38216K, committed 38976K, reserved 1114112K
  class space    used 3894K, committed 4224K, reserved 1048576K
}
Event: 7.671 GC heap before
{Heap before GC invocations=18 (full 2):
 PSYoungGen      total 24064K, used 24064K [0x00000000eab00000, 0x00000000ec980000, 0x0000000100000000)
  eden space 22016K, 100% used [0x00000000eab00000,0x00000000ec080000,0x00000000ec080000)
  from space 2048K, 100% used [0x00000000ec180000,0x00000000ec380000,0x00000000ec380000)
  to   space 4608K, 0% used [0x00000000ec500000,0x00000000ec500000,0x00000000ec980000)
 ParOldGen       total 68608K, used 23076K [0x00000000c0000000, 0x00000000c4300000, 0x00000000eab00000)
  object space 68608K, 33% used [0x00000000c0000000,0x00000000c1689350,0x00000000c4300000)
 Metaspace       used 40194K, committed 40896K, reserved 1114112K
  class space    used 4101K, committed 4416K, reserved 1048576K
}
Event: 7.676 GC heap after
{Heap after GC invocations=18 (full 2):
 PSYoungGen      total 23040K, used 823K [0x00000000eab00000, 0x00000000ec600000, 0x0000000100000000)
  eden space 22016K, 0% used [0x00000000eab00000,0x00000000eab00000,0x00000000ec080000)
  from space 1024K, 80% used [0x00000000ec500000,0x00000000ec5cdd60,0x00000000ec600000)
  to   space 2048K, 0% used [0x00000000ec200000,0x00000000ec200000,0x00000000ec400000)
 ParOldGen       total 68608K, used 25128K [0x00000000c0000000, 0x00000000c4300000, 0x00000000eab00000)
  object space 68608K, 36% used [0x00000000c0000000,0x00000000c188a2b8,0x00000000c4300000)
 Metaspace       used 40194K, committed 40896K, reserved 1114112K
  class space    used 4101K, committed 4416K, reserved 1048576K
}
Event: 8.523 GC heap before
{Heap before GC invocations=19 (full 2):
 PSYoungGen      total 23040K, used 22839K [0x00000000eab00000, 0x00000000ec600000, 0x0000000100000000)
  eden space 22016K, 100% used [0x00000000eab00000,0x00000000ec080000,0x00000000ec080000)
  from space 1024K, 80% used [0x00000000ec500000,0x00000000ec5cdd60,0x00000000ec600000)
  to   space 2048K, 0% used [0x00000000ec200000,0x00000000ec200000,0x00000000ec400000)
 ParOldGen       total 68608K, used 25128K [0x00000000c0000000, 0x00000000c4300000, 0x00000000eab00000)
  object space 68608K, 36% used [0x00000000c0000000,0x00000000c188a2b8,0x00000000c4300000)
 Metaspace       used 40937K, committed 41600K, reserved 1114112K
  class space    used 4191K, committed 4480K, reserved 1048576K
}
Event: 8.525 GC heap after
{Heap after GC invocations=19 (full 2):
 PSYoungGen      total 24064K, used 320K [0x00000000eab00000, 0x00000000ec580000, 0x0000000100000000)
  eden space 22016K, 0% used [0x00000000eab00000,0x00000000eab00000,0x00000000ec080000)
  from space 2048K, 15% used [0x00000000ec200000,0x00000000ec250000,0x00000000ec400000)
  to   space 1024K, 0% used [0x00000000ec480000,0x00000000ec480000,0x00000000ec580000)
 ParOldGen       total 68608K, used 25818K [0x00000000c0000000, 0x00000000c4300000, 0x00000000eab00000)
  object space 68608K, 37% used [0x00000000c0000000,0x00000000c1936a68,0x00000000c4300000)
 Metaspace       used 40937K, committed 41600K, reserved 1114112K
  class space    used 4191K, committed 4480K, reserved 1048576K
}

Dll operation events (12 events):
Event: 0.018 Loaded shared library c:\Users\顯闉\.vscode\extensions\redhat.java-1.25.0-win32-x64\jre\17.0.9-win32-x86_64\bin\java.dll
Event: 0.408 Loaded shared library c:\Users\顯闉\.vscode\extensions\redhat.java-1.25.0-win32-x64\jre\17.0.9-win32-x86_64\bin\zip.dll
Event: 0.417 Loaded shared library C:\Users\顯闉\.vscode\extensions\redhat.java-1.25.0-win32-x64\jre\17.0.9-win32-x86_64\bin\instrument.dll
Event: 0.445 Loaded shared library C:\Users\顯闉\.vscode\extensions\redhat.java-1.25.0-win32-x64\jre\17.0.9-win32-x86_64\bin\net.dll
Event: 0.450 Loaded shared library C:\Users\顯闉\.vscode\extensions\redhat.java-1.25.0-win32-x64\jre\17.0.9-win32-x86_64\bin\nio.dll
Event: 0.472 Loaded shared library C:\Users\顯闉\.vscode\extensions\redhat.java-1.25.0-win32-x64\jre\17.0.9-win32-x86_64\bin\zip.dll
Event: 0.504 Loaded shared library C:\Users\顯闉\.vscode\extensions\redhat.java-1.25.0-win32-x64\jre\17.0.9-win32-x86_64\bin\jimage.dll
Event: 0.662 Loaded shared library c:\Users\顯闉\.vscode\extensions\redhat.java-1.25.0-win32-x64\jre\17.0.9-win32-x86_64\bin\verify.dll
Event: 2.277 Loaded shared library C:\Users\顯闉\AppData\Roaming\Code\User\globalStorage\redhat.java\1.25.0\config_ss_win\org.eclipse.equinox.launcher\org.eclipse.equinox.launcher.win32.win32.x86_64_1.2.800.v20231003-1442\eclipse_11802.dll
Event: 3.128 Loaded shared library C:\Users\顯闉\.vscode\extensions\redhat.java-1.25.0-win32-x64\jre\17.0.9-win32-x86_64\bin\management.dll
Event: 3.178 Loaded shared library C:\Users\顯闉\.vscode\extensions\redhat.java-1.25.0-win32-x64\jre\17.0.9-win32-x86_64\bin\management_ext.dll
Event: 4.887 Loaded shared library C:\Users\顯闉\AppData\Local\Temp\jna-32199424\jna15740934457018230438.dll

Deoptimization events (20 events):
Event: 8.683 Thread 0x0000026d9900beb0 Uncommon trap: trap_request=0xffffff45 fr.pc=0x0000026d87c74d48 relative=0x0000000000000d88
Event: 8.683 Thread 0x0000026d9900beb0 Uncommon trap: reason=unstable_if action=reinterpret pc=0x0000026d87c74d48 method=java.util.TreeMap.put(Ljava/lang/Object;Ljava/lang/Object;Z)Ljava/lang/Object; @ 27 c2
Event: 8.683 Thread 0x0000026d9900beb0 DEOPT PACKING pc=0x0000026d87c74d48 sp=0x000000d49aefdac0
Event: 8.683 Thread 0x0000026d9900beb0 DEOPT UNPACKING pc=0x0000026d875866a3 sp=0x000000d49aefda90 mode 2
Event: 8.692 Thread 0x0000026d9900beb0 DEOPT PACKING pc=0x0000026d807d06c5 sp=0x000000d49aefd7c0
Event: 8.692 Thread 0x0000026d9900beb0 DEOPT UNPACKING pc=0x0000026d87586e43 sp=0x000000d49aefcc70 mode 0
Event: 8.695 Thread 0x0000026d9900beb0 DEOPT PACKING pc=0x0000026d807d06c5 sp=0x000000d49aefc080
Event: 8.695 Thread 0x0000026d9900beb0 DEOPT UNPACKING pc=0x0000026d87586e43 sp=0x000000d49aefb530 mode 0
Event: 8.837 Thread 0x0000026d9900e730 Uncommon trap: trap_request=0xffffffbe fr.pc=0x0000026d87c433e0 relative=0x0000000000000740
Event: 8.837 Thread 0x0000026d9900e730 Uncommon trap: reason=profile_predicate action=maybe_recompile pc=0x0000026d87c433e0 method=java.util.TreeMap.getEntryUsingComparator(Ljava/lang/Object;)Ljava/util/TreeMap$Entry; @ 19 c2
Event: 8.837 Thread 0x0000026d9900e730 DEOPT PACKING pc=0x0000026d87c433e0 sp=0x000000d49abfd110
Event: 8.837 Thread 0x0000026d9900e730 DEOPT UNPACKING pc=0x0000026d875866a3 sp=0x000000d49abfd0f0 mode 2
Event: 8.837 Thread 0x0000026d9900e730 Uncommon trap: trap_request=0xffffffbe fr.pc=0x0000026d87c433e0 relative=0x0000000000000740
Event: 8.837 Thread 0x0000026d9900e730 Uncommon trap: reason=profile_predicate action=maybe_recompile pc=0x0000026d87c433e0 method=java.util.TreeMap.getEntryUsingComparator(Ljava/lang/Object;)Ljava/util/TreeMap$Entry; @ 19 c2
Event: 8.837 Thread 0x0000026d9900e730 DEOPT PACKING pc=0x0000026d87c433e0 sp=0x000000d49abfd180
Event: 8.837 Thread 0x0000026d9900e730 DEOPT UNPACKING pc=0x0000026d875866a3 sp=0x000000d49abfd160 mode 2
Event: 8.883 Thread 0x0000026d9900e730 Uncommon trap: trap_request=0xffffffbe fr.pc=0x0000026d87c433e0 relative=0x0000000000000740
Event: 8.883 Thread 0x0000026d9900e730 Uncommon trap: reason=profile_predicate action=maybe_recompile pc=0x0000026d87c433e0 method=java.util.TreeMap.getEntryUsingComparator(Ljava/lang/Object;)Ljava/util/TreeMap$Entry; @ 19 c2
Event: 8.883 Thread 0x0000026d9900e730 DEOPT PACKING pc=0x0000026d87c433e0 sp=0x000000d49abfd820
Event: 8.884 Thread 0x0000026d9900e730 DEOPT UNPACKING pc=0x0000026d875866a3 sp=0x000000d49abfd800 mode 2

Classes unloaded (7 events):
Event: 3.361 Thread 0x0000026dfb55eb90 Unloading class 0x000000010021a000 'java/lang/invoke/LambdaForm$MH+0x000000010021a000'
Event: 3.361 Thread 0x0000026dfb55eb90 Unloading class 0x0000000100219c00 'java/lang/invoke/LambdaForm$MH+0x0000000100219c00'
Event: 3.361 Thread 0x0000026dfb55eb90 Unloading class 0x0000000100219800 'java/lang/invoke/LambdaForm$MH+0x0000000100219800'
Event: 3.361 Thread 0x0000026dfb55eb90 Unloading class 0x0000000100219400 'java/lang/invoke/LambdaForm$MH+0x0000000100219400'
Event: 3.361 Thread 0x0000026dfb55eb90 Unloading class 0x0000000100219000 'java/lang/invoke/LambdaForm$BMH+0x0000000100219000'
Event: 3.361 Thread 0x0000026dfb55eb90 Unloading class 0x0000000100218c00 'java/lang/invoke/LambdaForm$DMH+0x0000000100218c00'
Event: 3.361 Thread 0x0000026dfb55eb90 Unloading class 0x0000000100212000 'java/lang/invoke/LambdaForm$DMH+0x0000000100212000'

Classes redefined (0 events):
No events

Internal exceptions (20 events):
Event: 7.045 Thread 0x0000026d9900e730 Exception <a 'sun/nio/fs/WindowsException'{0x00000000ec05cf90}> (0x00000000ec05cf90) 
thrown [s\src\hotspot\share\prims\jni.cpp, line 516]
Event: 7.057 Thread 0x0000026d9900e730 Exception <a 'sun/nio/fs/WindowsException'{0x00000000eab9c1e0}> (0x00000000eab9c1e0) 
thrown [s\src\hotspot\share\prims\jni.cpp, line 516]
Event: 7.094 Thread 0x0000026d9900e730 Exception <a 'sun/nio/fs/WindowsException'{0x00000000eae79918}> (0x00000000eae79918) 
thrown [s\src\hotspot\share\prims\jni.cpp, line 516]
Event: 7.120 Thread 0x0000026d9900e730 Exception <a 'sun/nio/fs/WindowsException'{0x00000000eb0142a0}> (0x00000000eb0142a0) 
thrown [s\src\hotspot\share\prims\jni.cpp, line 516]
Event: 7.122 Thread 0x0000026d9900e730 Exception <a 'sun/nio/fs/WindowsException'{0x00000000eb063340}> (0x00000000eb063340) 
thrown [s\src\hotspot\share\prims\jni.cpp, line 516]
Event: 7.150 Thread 0x0000026d9900e730 Exception <a 'sun/nio/fs/WindowsException'{0x00000000eb2409c0}> (0x00000000eb2409c0) 
thrown [s\src\hotspot\share\prims\jni.cpp, line 516]
Event: 7.163 Thread 0x0000026d9900e730 Exception <a 'sun/nio/fs/WindowsException'{0x00000000eb406688}> (0x00000000eb406688) 
thrown [s\src\hotspot\share\prims\jni.cpp, line 516]
Event: 7.163 Thread 0x0000026d9900e730 Exception <a 'sun/nio/fs/WindowsException'{0x00000000eb436c30}> (0x00000000eb436c30) 
thrown [s\src\hotspot\share\prims\jni.cpp, line 516]
Event: 7.163 Thread 0x0000026d9900e730 Exception <a 'sun/nio/fs/WindowsException'{0x00000000eb437528}> (0x00000000eb437528) 
thrown [s\src\hotspot\share\prims\jni.cpp, line 516]
Event: 7.163 Thread 0x0000026d9900e730 Exception <a 'sun/nio/fs/WindowsException'{0x00000000eb437cc8}> (0x00000000eb437cc8) 
thrown [s\src\hotspot\share\prims\jni.cpp, line 516]
Event: 7.164 Thread 0x0000026d9900e730 Exception <a 'sun/nio/fs/WindowsException'{0x00000000eb438ab8}> (0x00000000eb438ab8) 
thrown [s\src\hotspot\share\prims\jni.cpp, line 516]
Event: 7.169 Thread 0x0000026d9900e730 Exception <a 'java/io/FileNotFoundException'{0x00000000eb475d60}> (0x00000000eb475d60) 
thrown [s\src\hotspot\share\prims\jni.cpp, line 516]
Event: 7.175 Thread 0x0000026d9900e730 Exception <a 'java/io/FileNotFoundException'{0x00000000eb5423e0}> (0x00000000eb5423e0) 
thrown [s\src\hotspot\share\prims\jni.cpp, line 516]
Event: 7.179 Thread 0x0000026d9900e730 Exception <a 'sun/nio/fs/WindowsException'{0x00000000eb57b820}> (0x00000000eb57b820) 
thrown [s\src\hotspot\share\prims\jni.cpp, line 516]
Event: 7.193 Thread 0x0000026d9900e730 Exception <a 'sun/nio/fs/WindowsException'{0x00000000eb669948}> (0x00000000eb669948) 
thrown [s\src\hotspot\share\prims\jni.cpp, line 516]
Event: 7.219 Thread 0x0000026d9900e730 Exception <a 'sun/nio/fs/WindowsException'{0x00000000eb7d4ff8}> (0x00000000eb7d4ff8) 
thrown [s\src\hotspot\share\prims\jni.cpp, line 516]
Event: 7.421 Thread 0x0000026d9900beb0 Exception <a 'java/lang/NoClassDefFoundError'{0x00000000ebe0b080}: org/eclipse/jdt/core/dom/Name> (0x00000000ebe0b080) 
thrown [s\src\hotspot\share\classfile\systemDictionary.cpp, line 245]
Event: 7.421 Thread 0x0000026d9900beb0 Exception <a 'java/lang/NullPointerException'{0x00000000ebe0b610}> (0x00000000ebe0b610) 
thrown [s\src\hotspot\share\interpreter\linkResolver.cpp, line 1350]
Event: 8.683 Thread 0x0000026d9900beb0 Implicit null exception at 0x0000026d87c74013 to 0x0000026d87c74d2c
Event: 8.814 Thread 0x0000026d9900e730 Exception <a 'java/lang/NoSuchMethodError'{0x00000000eb6af2f8}: 'int java.lang.invoke.DirectMethodHandle$Holder.invokeVirtual(java.lang.Object, java.lang.Object, java.lang.Object)'> (0x00000000eb6af2f8) 
thrown [s\src\hotspot\share\interpreter\linkResolver.cpp, line 759]

VM Operations (20 events):
Event: 6.647 Executing VM operation: ParallelGCFailedAllocation
Event: 6.651 Executing VM operation: ParallelGCFailedAllocation done
Event: 6.703 Executing VM operation: ParallelGCFailedAllocation
Event: 6.708 Executing VM operation: ParallelGCFailedAllocation done
Event: 6.756 Executing VM operation: ParallelGCFailedAllocation
Event: 6.763 Executing VM operation: ParallelGCFailedAllocation done
Event: 6.982 Executing VM operation: HandshakeAllThreads
Event: 6.982 Executing VM operation: HandshakeAllThreads done
Event: 7.046 Executing VM operation: ParallelGCFailedAllocation
Event: 7.052 Executing VM operation: ParallelGCFailedAllocation done
Event: 7.069 Executing VM operation: HandshakeAllThreads
Event: 7.069 Executing VM operation: HandshakeAllThreads done
Event: 7.070 Executing VM operation: HandshakeAllThreads
Event: 7.070 Executing VM operation: HandshakeAllThreads done
Event: 7.671 Executing VM operation: ParallelGCFailedAllocation
Event: 7.676 Executing VM operation: ParallelGCFailedAllocation done
Event: 7.924 Executing VM operation: HandshakeAllThreads
Event: 7.924 Executing VM operation: HandshakeAllThreads done
Event: 8.523 Executing VM operation: ParallelGCFailedAllocation
Event: 8.525 Executing VM operation: ParallelGCFailedAllocation done

Events (20 events):
Event: 6.917 loading class jdk/internal/reflect/UnsafeIntegerFieldAccessorImpl
Event: 6.917 loading class java/util/stream/Nodes$ConcNode
Event: 6.917 loading class jdk/internal/reflect/UnsafeIntegerFieldAccessorImpl done
Event: 6.917 loading class java/util/stream/Nodes$AbstractConcNode
Event: 6.918 loading class java/util/stream/Nodes$AbstractConcNode done
Event: 6.918 loading class java/util/stream/Nodes$ConcNode done
Event: 6.920 Thread 0x0000026d9900c8d0 Thread exited: 0x0000026d9900c8d0
Event: 7.068 loading class java/util/AbstractList$RandomAccessSpliterator
Event: 7.069 loading class java/util/AbstractList$RandomAccessSpliterator done
Event: 7.218 loading class java/lang/ExceptionInInitializerError
Event: 7.219 loading class java/lang/ExceptionInInitializerError done
Event: 8.114 loading class java/util/Vector$1
Event: 8.114 loading class java/util/Vector$1 done
Event: 8.348 Thread 0x0000026d9825e420 Thread exited: 0x0000026d9825e420
Event: 8.683 loading class java/util/Collections$UnmodifiableSortedSet
Event: 8.683 loading class java/util/Collections$UnmodifiableSortedSet done
Event: 8.769 loading class java/util/regex/Pattern$Caret
Event: 8.769 loading class java/util/regex/Pattern$Caret done
Event: 8.820 loading class java/util/AbstractList$ListItr
Event: 8.820 loading class java/util/AbstractList$ListItr done


Dynamic libraries:
0x00007ff78e0c0000 - 0x00007ff78e0ce000 	c:\Users\顯闉\.vscode\extensions\redhat.java-1.25.0-win32-x64\jre\17.0.9-win32-x86_64\bin\java.exe
0x00007ffe326b0000 - 0x00007ffe328a8000 	C:\WINDOWS\SYSTEM32\ntdll.dll
0x00007ffe30ec0000 - 0x00007ffe30f7d000 	C:\WINDOWS\System32\KERNEL32.DLL
0x00007ffe30410000 - 0x00007ffe30706000 	C:\WINDOWS\System32\KERNELBASE.dll
0x00007ffe30070000 - 0x00007ffe30170000 	C:\WINDOWS\System32\ucrtbase.dll
0x00007ffe29230000 - 0x00007ffe29247000 	c:\Users\顯闉\.vscode\extensions\redhat.java-1.25.0-win32-x64\jre\17.0.9-win32-x86_64\bin\jli.dll
0x00007ffe30710000 - 0x00007ffe308ae000 	C:\WINDOWS\System32\USER32.dll
0x00007ffe2fd90000 - 0x00007ffe2fdb2000 	C:\WINDOWS\System32\win32u.dll
0x00007ffe308d0000 - 0x00007ffe308fc000 	C:\WINDOWS\System32\GDI32.dll
0x00007ffe302a0000 - 0x00007ffe303ba000 	C:\WINDOWS\System32\gdi32full.dll
0x00007ffe30200000 - 0x00007ffe3029d000 	C:\WINDOWS\System32\msvcp_win.dll
0x00007ffe28e90000 - 0x00007ffe28eab000 	c:\Users\顯闉\.vscode\extensions\redhat.java-1.25.0-win32-x64\jre\17.0.9-win32-x86_64\bin\VCRUNTIME140.dll
0x00007ffe207d0000 - 0x00007ffe20a6a000 	C:\WINDOWS\WinSxS\amd64_microsoft.windows.common-controls_6595b64144ccf1df_6.0.19041.3636_none_60b6a03d71f818d5\COMCTL32.dll
0x00007ffe30900000 - 0x00007ffe3099e000 	C:\WINDOWS\System32\msvcrt.dll
0x00007ffe31780000 - 0x00007ffe317b0000 	C:\WINDOWS\System32\IMM32.DLL
0x00007ffe29b50000 - 0x00007ffe29b5c000 	c:\Users\顯闉\.vscode\extensions\redhat.java-1.25.0-win32-x64\jre\17.0.9-win32-x86_64\bin\vcruntime140_1.dll
0x00007ffe09ae0000 - 0x00007ffe09b6d000 	c:\Users\顯闉\.vscode\extensions\redhat.java-1.25.0-win32-x64\jre\17.0.9-win32-x86_64\bin\msvcp140.dll
0x00007ffde1110000 - 0x00007ffde1d71000 	c:\Users\顯闉\.vscode\extensions\redhat.java-1.25.0-win32-x64\jre\17.0.9-win32-x86_64\bin\server\jvm.dll
0x00007ffe32550000 - 0x00007ffe325ff000 	C:\WINDOWS\System32\ADVAPI32.dll
0x00007ffe31e10000 - 0x00007ffe31eac000 	C:\WINDOWS\System32\sechost.dll
0x00007ffe317c0000 - 0x00007ffe318e6000 	C:\WINDOWS\System32\RPCRT4.dll
0x00007ffe2f930000 - 0x00007ffe2f97b000 	C:\WINDOWS\SYSTEM32\POWRPROF.dll
0x00007ffe23340000 - 0x00007ffe23349000 	C:\WINDOWS\SYSTEM32\WSOCK32.dll
0x00007ffe32600000 - 0x00007ffe3266b000 	C:\WINDOWS\System32\WS2_32.dll
0x00007ffe16700000 - 0x00007ffe16727000 	C:\WINDOWS\SYSTEM32\WINMM.dll
0x00007ffe2bd70000 - 0x00007ffe2bd7a000 	C:\WINDOWS\SYSTEM32\VERSION.dll
0x00007ffe2f8f0000 - 0x00007ffe2f902000 	C:\WINDOWS\SYSTEM32\UMPDC.dll
0x00007ffe2e630000 - 0x00007ffe2e642000 	C:\WINDOWS\SYSTEM32\kernel.appcore.dll
0x00007ffe29a90000 - 0x00007ffe29a9a000 	c:\Users\顯闉\.vscode\extensions\redhat.java-1.25.0-win32-x64\jre\17.0.9-win32-x86_64\bin\jimage.dll
0x00007ffe2e2b0000 - 0x00007ffe2e494000 	C:\WINDOWS\SYSTEM32\DBGHELP.DLL
0x00007ffe27ee0000 - 0x00007ffe27f14000 	C:\WINDOWS\SYSTEM32\dbgcore.DLL
0x00007ffe30170000 - 0x00007ffe301f2000 	C:\WINDOWS\System32\bcryptPrimitives.dll
0x00007ffe29a60000 - 0x00007ffe29a6e000 	c:\Users\顯闉\.vscode\extensions\redhat.java-1.25.0-win32-x64\jre\17.0.9-win32-x86_64\bin\instrument.dll
0x00007ffe20120000 - 0x00007ffe20145000 	c:\Users\顯闉\.vscode\extensions\redhat.java-1.25.0-win32-x64\jre\17.0.9-win32-x86_64\bin\java.dll
0x00007ffe28af0000 - 0x00007ffe28b08000 	c:\Users\顯闉\.vscode\extensions\redhat.java-1.25.0-win32-x64\jre\17.0.9-win32-x86_64\bin\zip.dll
0x00007ffe30f80000 - 0x00007ffe316c4000 	C:\WINDOWS\System32\SHELL32.dll
0x00007ffe2da40000 - 0x00007ffe2e1db000 	C:\WINDOWS\SYSTEM32\windows.storage.dll
0x00007ffe31f30000 - 0x00007ffe32284000 	C:\WINDOWS\System32\combase.dll
0x00007ffe2f760000 - 0x00007ffe2f78d000 	C:\WINDOWS\SYSTEM32\Wldp.dll
0x00007ffe31d60000 - 0x00007ffe31e0d000 	C:\WINDOWS\System32\SHCORE.dll
0x00007ffe324f0000 - 0x00007ffe32545000 	C:\WINDOWS\System32\shlwapi.dll
0x00007ffe2fcc0000 - 0x00007ffe2fce5000 	C:\WINDOWS\SYSTEM32\profapi.dll
0x00007ffe26c00000 - 0x00007ffe26c19000 	C:\Users\顯闉\.vscode\extensions\redhat.java-1.25.0-win32-x64\jre\17.0.9-win32-x86_64\bin\net.dll
0x00007ffe26000000 - 0x00007ffe2610a000 	C:\WINDOWS\SYSTEM32\WINHTTP.dll
0x00007ffe2f460000 - 0x00007ffe2f4ca000 	C:\WINDOWS\system32\mswsock.dll
0x00007ffe26890000 - 0x00007ffe268a6000 	C:\Users\顯闉\.vscode\extensions\redhat.java-1.25.0-win32-x64\jre\17.0.9-win32-x86_64\bin\nio.dll
0x00007ffe29910000 - 0x00007ffe29920000 	c:\Users\顯闉\.vscode\extensions\redhat.java-1.25.0-win32-x64\jre\17.0.9-win32-x86_64\bin\verify.dll
0x00007ffe1ac10000 - 0x00007ffe1ac4e000 	C:\Users\顯闉\AppData\Roaming\Code\User\globalStorage\redhat.java\1.25.0\config_ss_win\org.eclipse.equinox.launcher\org.eclipse.equinox.launcher.win32.win32.x86_64_1.2.800.v20231003-1442\eclipse_11802.dll
0x00007ffe30d90000 - 0x00007ffe30ebb000 	C:\WINDOWS\System32\ole32.dll
0x00007ffe29310000 - 0x00007ffe29319000 	C:\Users\顯闉\.vscode\extensions\redhat.java-1.25.0-win32-x64\jre\17.0.9-win32-x86_64\bin\management.dll
0x00007ffe288d0000 - 0x00007ffe288db000 	C:\Users\顯闉\.vscode\extensions\redhat.java-1.25.0-win32-x64\jre\17.0.9-win32-x86_64\bin\management_ext.dll
0x00007ffe309a0000 - 0x00007ffe309a8000 	C:\WINDOWS\System32\PSAPI.DLL
0x00007ffe2f6b0000 - 0x00007ffe2f6c8000 	C:\WINDOWS\SYSTEM32\CRYPTSP.dll
0x00007ffe2ed90000 - 0x00007ffe2edc4000 	C:\WINDOWS\system32\rsaenh.dll
0x00007ffe30040000 - 0x00007ffe30067000 	C:\WINDOWS\System32\bcrypt.dll
0x00007ffe2fc40000 - 0x00007ffe2fc6e000 	C:\WINDOWS\SYSTEM32\USERENV.dll
0x00007ffe2f6d0000 - 0x00007ffe2f6dc000 	C:\WINDOWS\SYSTEM32\CRYPTBASE.dll
0x00007ffe2f150000 - 0x00007ffe2f18b000 	C:\WINDOWS\SYSTEM32\IPHLPAPI.DLL
0x00007ffe30d80000 - 0x00007ffe30d88000 	C:\WINDOWS\System32\NSI.dll
0x00007ffe272c0000 - 0x00007ffe272d7000 	C:\WINDOWS\SYSTEM32\dhcpcsvc6.DLL
0x00007ffe28110000 - 0x00007ffe2812d000 	C:\WINDOWS\SYSTEM32\dhcpcsvc.DLL
0x00007ffe2f190000 - 0x00007ffe2f25a000 	C:\WINDOWS\SYSTEM32\DNSAPI.dll
0x00007ffe14c80000 - 0x00007ffe14cc5000 	C:\Users\顯闉\AppData\Local\Temp\jna-32199424\jna15740934457018230438.dll

dbghelp: loaded successfully - version: 4.0.5 - missing functions: none
symbol engine: initialized successfully - sym options: 0x614 - pdb path: .;c:\Users\顯闉\.vscode\extensions\redhat.java-1.25.0-win32-x64\jre\17.0.9-win32-x86_64\bin;C:\WINDOWS\SYSTEM32;C:\WINDOWS\WinSxS\amd64_microsoft.windows.common-controls_6595b64144ccf1df_6.0.19041.3636_none_60b6a03d71f818d5;c:\Users\顯闉\.vscode\extensions\redhat.java-1.25.0-win32-x64\jre\17.0.9-win32-x86_64\bin\server;C:\Users\顯闉\AppData\Roaming\Code\User\globalStorage\redhat.java\1.25.0\config_ss_win\org.eclipse.equinox.launcher\org.eclipse.equinox.launcher.win32.win32.x86_64_1.2.800.v20231003-1442;C:\Users\顯闉\AppData\Local\Temp\jna-32199424

VM Arguments:
jvm_args: --add-modules=ALL-SYSTEM --add-opens=java.base/java.util=ALL-UNNAMED --add-opens=java.base/java.lang=ALL-UNNAMED --add-opens=java.base/sun.nio.fs=ALL-UNNAMED -Declipse.application=org.eclipse.jdt.ls.core.id1 -Dosgi.bundles.defaultStartLevel=4 -Declipse.product=org.eclipse.jdt.ls.core.product -Djava.import.generatesMetadataFilesAtProjectRoot=false -DDetectVMInstallationsJob.disabled=true -Dfile.encoding=utf8 -XX:+UseParallelGC -XX:GCTimeRatio=4 -XX:AdaptiveSizePolicyWeight=90 -Dsun.zip.disableMemoryMapping=true -Xmx1G -Xms100m -Xlog:disable -javaagent:c:\Users\顯闉\.vscode\extensions\redhat.java-1.25.0-win32-x64\lombok\lombok-1.18.30.jar 
java_command: c:\Users\顯闉\.vscode\extensions\redhat.java-1.25.0-win32-x64\server\plugins\org.eclipse.equinox.launcher_1.6.600.v20231012-1237.jar -configuration c:\Users\顯闉\AppData\Roaming\Code\User\globalStorage\redhat.java\1.25.0\config_ss_win -data c:\Users\顯闉\AppData\Roaming\Code\User\workspaceStorage\26e44e572e65a93c5b02d3bb3715b486\redhat.java\ss_ws --stdio
java_class_path (initial): c:\Users\顯闉\.vscode\extensions\redhat.java-1.25.0-win32-x64\server\plugins\org.eclipse.equinox.launcher_1.6.600.v20231012-1237.jar
Launcher Type: SUN_STANDARD

[Global flags]
    uintx AdaptiveSizePolicyWeight                 = 90                                        {product} {command line}
     intx CICompilerCount                          = 3                                         {product} {ergonomic}
    uintx GCTimeRatio                              = 4                                         {product} {command line}
   size_t InitialHeapSize                          = 104857600                                 {product} {command line}
   size_t MaxHeapSize                              = 1073741824                                {product} {command line}
   size_t MaxNewSize                               = 357564416                                 {product} {ergonomic}
   size_t MinHeapDeltaBytes                        = 524288                                    {product} {ergonomic}
   size_t MinHeapSize                              = 104857600                                 {product} {command line}
   size_t NewSize                                  = 34603008                                  {product} {ergonomic}
    uintx NonNMethodCodeHeapSize                   = 5832780                                {pd product} {ergonomic}
    uintx NonProfiledCodeHeapSize                  = 122912730                              {pd product} {ergonomic}
   size_t OldSize                                  = 70254592                                  {product} {ergonomic}
    uintx ProfiledCodeHeapSize                     = 122912730                              {pd product} {ergonomic}
    uintx ReservedCodeCacheSize                    = 251658240                              {pd product} {ergonomic}
     bool SegmentedCodeCache                       = true                                      {product} {ergonomic}
   size_t SoftMaxHeapSize                          = 1073741824                             {manageable} {ergonomic}
     bool UseCompressedClassPointers               = true                           {product lp64_product} {ergonomic}
     bool UseCompressedOops                        = true                           {product lp64_product} {ergonomic}
     bool UseLargePagesIndividualAllocation        = false                                  {pd product} {ergonomic}
     bool UseParallelGC                            = true                                      {product} {command line}

Logging:
Log output configuration:
 #0: stdout all=off uptime,level,tags
 #1: stderr all=off uptime,level,tags

Environment Variables:
JAVA_HOME=C:\Program Files\Java\jdk-21
PATH=C:\ProgramData\Oracle\Java\javapath;C:\Windows\system32;C:\Windows;C:\Windows\System32\Wbem;C:\Windows\System32\WindowsPowerShell\v1.0\;C:\Windows\System32\OpenSSH\;C:\Program Files\Intel\WiFi\bin\;C:\Program Files\Common Files\Intel\WirelessCommon\;C:\WINDOWS\system32;C:\WINDOWS;C:\WINDOWS\System32\Wbem;C:\WINDOWS\System32\WindowsPowerShell\v1.0\;C:\WINDOWS\System32\OpenSSH\;C:\Program Files (x86)\NVIDIA Corporation\PhysX\Common;C:\Program Files\dotnet\;C:\Program Files (x86)\GtkSharp\2.12\bin;C:\WINDOWS\system32;C:\WINDOWS;C:\WINDOWS\System32\Wbem;C:\WINDOWS\System32\WindowsPowerShell\v1.0\;C:\WINDOWS\System32\OpenSSH\;";C:\Program Files\AndroidADT\sdk\platform-tools\";C:\Program Files\nodejs\;C:\Program Files\Git\cmd;C:\Program Files\nodejs;C:\Program Files\Go\bin;C:\Program Files\Java\jdk-21\bin;C:\Users\顯闉\Documents\mpj-v0_44\bin;C:\Ruby32-x64\bin;C:\python37\Scripts\;C:\python37\;C:\Users\顯闉\AppData\Local\Microsoft\WindowsApps;C:\Users\顯闉\AppData\Local\Programs\Microsoft VS Code\bin;C:\Users\顯闉\AppData\Roaming\npm;C:\Program Files\nodejs;C:\Users\顯闉\go\bin
USERNAME=顯闉
OS=Windows_NT
PROCESSOR_IDENTIFIER=Intel64 Family 6 Model 142 Stepping 9, GenuineIntel
TMP=C:\Users\A946~1\AppData\Local\Temp
TEMP=C:\Users\A946~1\AppData\Local\Temp



Periodic native trim disabled


---------------  S Y S T E M  ---------------

OS:
 Windows 10 , 64 bit Build 19041 (10.0.19041.3636)
OS uptime: 16 days 6:33 hours

CPU: total 4 (initial active 4) (2 cores per cpu, 2 threads per core) family 6 model 142 stepping 9 microcode 0xb4, cx8, cmov, fxsr, ht, mmx, 3dnowpref, sse, sse2, sse3, ssse3, sse4.1, sse4.2, popcnt, lzcnt, tsc, tscinvbit, avx, avx2, aes, erms, clmul, bmi1, bmi2, adx, fma, vzeroupper, clflush, clflushopt
Processor Information for all 4 processors :
  Max Mhz: 2400, Current Mhz: 2400, Mhz Limit: 2400

Memory: 4k page, system-wide physical 3979M (223M free)
TotalPageFile size 16267M (AvailPageFile size 3M)
current process WorkingSet (physical memory assigned to process): 174M, peak: 174M
current process commit charge ("private bytes"): 245M, peak: 246M

vm_info: OpenJDK 64-Bit Server VM (17.0.9+9) for windows-amd64 JRE (17.0.9+9), built on Oct 26 2023 14:01:42 by "admin" with MS VC++ 16.10 / 16.11 (VS2019)

END.
