#
# There is insufficient memory for the Java Runtime Environment to continue.
# Native memory allocation (malloc) failed to allocate 389152 bytes for Chunk::new
# Possible reasons:
#   The system is out of physical RAM or swap space
#   The process is running with CompressedOops enabled, and the Java Heap may be blocking the growth of the native heap
# Possible solutions:
#   Reduce memory load on the system
#   Increase physical memory or swap space
#   Check if swap backing store is full
#   Decrease Java heap size (-Xmx/-Xms)
#   Decrease number of Java threads
#   Decrease Java thread stack sizes (-Xss)
#   Set larger code cache with -XX:ReservedCodeCacheSize=
#   JVM is running with Unscaled Compressed Oops mode in which the Java heap is
#     placed in the first 4GB address space. The Java Heap base address is the
#     maximum limit for the native heap growth. Please use -XX:HeapBaseMinAddress
#     to set the Java Heap base and to place the Java Heap above 4GB virtual address.
# This output file may be truncated or incomplete.
#
#  Out of Memory Error (arena.cpp:191), pid=20504, tid=18664
#
# JRE version: OpenJDK Runtime Environment Temurin-17.0.9+9 (17.0.9+9) (build 17.0.9+9)
# Java VM: OpenJDK 64-Bit Server VM Temurin-17.0.9+9 (17.0.9+9, mixed mode, tiered, compressed oops, compressed class ptrs, parallel gc, windows-amd64)
# No core dump will be written. Minidumps are not enabled by default on client versions of Windows
#

---------------  S U M M A R Y ------------

Command Line: --add-modules=ALL-SYSTEM --add-opens=java.base/java.util=ALL-UNNAMED --add-opens=java.base/java.lang=ALL-UNNAMED --add-opens=java.base/sun.nio.fs=ALL-UNNAMED -Declipse.application=org.eclipse.jdt.ls.core.id1 -Dosgi.bundles.defaultStartLevel=4 -Declipse.product=org.eclipse.jdt.ls.core.product -Djava.import.generatesMetadataFilesAtProjectRoot=false -DDetectVMInstallationsJob.disabled=true -Dfile.encoding=utf8 -XX:+UseParallelGC -XX:GCTimeRatio=4 -XX:AdaptiveSizePolicyWeight=90 -Dsun.zip.disableMemoryMapping=true -Xmx1G -Xms100m -Xlog:disable -javaagent:c:\Users\顯闉\.vscode\extensions\redhat.java-1.25.0-win32-x64\lombok\lombok-1.18.30.jar c:\Users\顯闉\.vscode\extensions\redhat.java-1.25.0-win32-x64\server\plugins\org.eclipse.equinox.launcher_1.6.600.v20231012-1237.jar -configuration c:\Users\顯闉\AppData\Roaming\Code\User\globalStorage\redhat.java\1.25.0\config_ss_win -data c:\Users\顯闉\AppData\Roaming\Code\User\workspaceStorage\26e44e572e65a93c5b02d3bb3715b486\redhat.java\ss_ws --stdio

Host: Intel(R) Core(TM) i3-7100U CPU @ 2.40GHz, 4 cores, 3G,  Windows 10 , 64 bit Build 19041 (10.0.19041.3636)
Time: Sun Dec  3 00:32:44 2023  Windows 10 , 64 bit Build 19041 (10.0.19041.3636) elapsed time: 2.556782 seconds (0d 0h 0m 2s)

---------------  T H R E A D  ---------------

Current thread (0x000001b97279ee70):  JavaThread "C2 CompilerThread0" daemon [_thread_in_native, id=18664, stack(0x0000003a4f000000,0x0000003a4f100000)]


Current CompileTask:
C2:   2556 1131       4       lombok.launch.PackageShader::apply (252 bytes)

Stack: [0x0000003a4f000000,0x0000003a4f100000]
Native frames: (J=compiled Java code, j=interpreted, Vv=VM code, C=native code)
V  [jvm.dll+0x67cf49]
V  [jvm.dll+0x83478a]
V  [jvm.dll+0x83624e]
V  [jvm.dll+0x8368b3]
V  [jvm.dll+0x247f1f]
V  [jvm.dll+0xac43c]
V  [jvm.dll+0xaca8c]
V  [jvm.dll+0x367067]
V  [jvm.dll+0x3313ba]
V  [jvm.dll+0x33085a]
V  [jvm.dll+0x21a5b1]
V  [jvm.dll+0x2199d1]
V  [jvm.dll+0x1a57cd]
V  [jvm.dll+0x2297ae]
V  [jvm.dll+0x22797c]
V  [jvm.dll+0x7e9877]
V  [jvm.dll+0x7e3c3a]
V  [jvm.dll+0x67be35]
C  [ucrtbase.dll+0x21bb2]
C  [KERNEL32.DLL+0x17344]
C  [ntdll.dll+0x526b1]


---------------  P R O C E S S  ---------------

Threads class SMR info:
_java_thread_list=0x000001b97aaa64f0, length=12, elements={
0x000001b95e91dc40, 0x000001b95e9ee6f0, 0x000001b972772180, 0x000001b972798cf0,
0x000001b972799a80, 0x000001b97279c620, 0x000001b97279d1b0, 0x000001b97279ee70,
0x000001b9779c2f70, 0x000001b9779d7020, 0x000001b9726abd70, 0x000001b977cd51d0
}

Java Threads: ( => current thread )
  0x000001b95e91dc40 JavaThread "main" [_thread_in_native, id=1372, stack(0x0000003a4e700000,0x0000003a4e800000)]
  0x000001b95e9ee6f0 JavaThread "Reference Handler" daemon [_thread_blocked, id=6728, stack(0x0000003a4ea00000,0x0000003a4eb00000)]
  0x000001b972772180 JavaThread "Finalizer" daemon [_thread_blocked, id=21728, stack(0x0000003a4eb00000,0x0000003a4ec00000)]
  0x000001b972798cf0 JavaThread "Signal Dispatcher" daemon [_thread_blocked, id=17836, stack(0x0000003a4ec00000,0x0000003a4ed00000)]
  0x000001b972799a80 JavaThread "Attach Listener" daemon [_thread_blocked, id=20960, stack(0x0000003a4ed00000,0x0000003a4ee00000)]
  0x000001b97279c620 JavaThread "Service Thread" daemon [_thread_blocked, id=10332, stack(0x0000003a4ee00000,0x0000003a4ef00000)]
  0x000001b97279d1b0 JavaThread "Monitor Deflation Thread" daemon [_thread_blocked, id=5084, stack(0x0000003a4ef00000,0x0000003a4f000000)]
=>0x000001b97279ee70 JavaThread "C2 CompilerThread0" daemon [_thread_in_native, id=18664, stack(0x0000003a4f000000,0x0000003a4f100000)]
  0x000001b9779c2f70 JavaThread "C1 CompilerThread0" daemon [_thread_blocked, id=16680, stack(0x0000003a4f100000,0x0000003a4f200000)]
  0x000001b9779d7020 JavaThread "Sweeper thread" daemon [_thread_blocked, id=2796, stack(0x0000003a4f200000,0x0000003a4f300000)]
  0x000001b9726abd70 JavaThread "Common-Cleaner" daemon [_thread_blocked, id=2296, stack(0x0000003a4f300000,0x0000003a4f400000)]
  0x000001b977cd51d0 JavaThread "Notification Thread" daemon [_thread_blocked, id=12812, stack(0x0000003a4f500000,0x0000003a4f600000)]

Other Threads:
  0x000001b97275c0c0 VMThread "VM Thread" [stack: 0x0000003a4e900000,0x0000003a4ea00000] [id=17800]
  0x000001b977cdf970 WatcherThread [stack: 0x0000003a4f600000,0x0000003a4f700000] [id=12316]
  0x000001b95e944e90 GCTaskThread "GC Thread#0" [stack: 0x0000003a4e800000,0x0000003a4e900000] [id=18684]
  0x000001b97ab54ab0 GCTaskThread "GC Thread#1" [stack: 0x0000003a4f400000,0x0000003a4f500000] [id=13344]
  0x000001b97a96aa40 GCTaskThread "GC Thread#2" [stack: 0x0000003a4f700000,0x0000003a4f800000] [id=16312]
  0x000001b97ab538d0 GCTaskThread "GC Thread#3" [stack: 0x0000003a4f800000,0x0000003a4f900000] [id=15028]

Threads with active compile tasks:
C2 CompilerThread0     2603 1131       4       lombok.launch.PackageShader::apply (252 bytes)

VM state: not at safepoint (normal execution)

VM Mutex/Monitor currently owned by a thread: None

Heap address: 0x00000000c0000000, size: 1024 MB, Compressed Oops mode: 32-bit

CDS archive(s) not mapped
Compressed class space mapped at: 0x0000000100000000-0x0000000140000000, reserved size: 1073741824
Narrow klass base: 0x0000000000000000, Narrow klass shift: 3, Narrow klass range: 0x140000000

GC Precious Log:
 CPUs: 4 total, 4 available
 Memory: 3979M
 Large Page Support: Disabled
 NUMA Support: Disabled
 Compressed Oops: Enabled (32-bit)
 Alignments: Space 512K, Generation 512K, Heap 2M
 Heap Min Capacity: 100M
 Heap Initial Capacity: 100M
 Heap Max Capacity: 1G
 Pre-touch: Disabled
 Parallel Workers: 4

Heap:
 PSYoungGen      total 29696K, used 10624K [0x00000000eab00000, 0x00000000ecc00000, 0x0000000100000000)
  eden space 25600K, 29% used [0x00000000eab00000,0x00000000eb24f6a0,0x00000000ec400000)
  from space 4096K, 76% used [0x00000000ec400000,0x00000000ec710c28,0x00000000ec800000)
  to   space 4096K, 0% used [0x00000000ec800000,0x00000000ec800000,0x00000000ecc00000)
 ParOldGen       total 68608K, used 0K [0x00000000c0000000, 0x00000000c4300000, 0x00000000eab00000)
  object space 68608K, 0% used [0x00000000c0000000,0x00000000c0000000,0x00000000c4300000)
 Metaspace       used 12221K, committed 12480K, reserved 1114112K
  class space    used 1206K, committed 1344K, reserved 1048576K

Card table byte_map: [0x000001b95e2d0000,0x000001b95e4e0000] _byte_map_base: 0x000001b95dcd0000

Marking Bits: (ParMarkBitMap*) 0x00007ffde1cad0b0
 Begin Bits: [0x000001b9705d0000, 0x000001b9715d0000)
 End Bits:   [0x000001b9715d0000, 0x000001b9725d0000)

Polling page: 0x000001b95c800000

Metaspace:

Usage:
  Non-class:     10.76 MB used.
      Class:      1.18 MB used.
       Both:     11.94 MB used.

Virtual space:
  Non-class space:       64.00 MB reserved,      10.88 MB ( 17%) committed,  1 nodes.
      Class space:        1.00 GB reserved,       1.31 MB ( <1%) committed,  1 nodes.
             Both:        1.06 GB reserved,      12.19 MB (  1%) committed. 

Chunk freelists:
   Non-Class:  4.28 MB
       Class:  14.61 MB
        Both:  18.89 MB

MaxMetaspaceSize: unlimited
CompressedClassSpaceSize: 1.00 GB
Initial GC threshold: 21.00 MB
Current GC threshold: 21.00 MB
CDS: off
MetaspaceReclaimPolicy: balanced
 - commit_granule_bytes: 65536.
 - commit_granule_words: 8192.
 - virtual_space_node_default_size: 8388608.
 - enlarge_chunks_in_place: 1.
 - new_chunks_are_fully_committed: 0.
 - uncommit_free_chunks: 1.
 - use_allocation_guard: 0.
 - handle_deallocations: 1.


Internal statistics:

num_allocs_failed_limit: 0.
num_arena_births: 34.
num_arena_deaths: 0.
num_vsnodes_births: 2.
num_vsnodes_deaths: 0.
num_space_committed: 195.
num_space_uncommitted: 0.
num_chunks_returned_to_freelist: 0.
num_chunks_taken_from_freelist: 147.
num_chunk_merges: 0.
num_chunk_splits: 97.
num_chunks_enlarged: 79.
num_inconsistent_stats: 0.

CodeHeap 'non-profiled nmethods': size=120000Kb used=459Kb max_used=459Kb free=119540Kb
 bounds [0x000001b9690a0000, 0x000001b969310000, 0x000001b9705d0000]
CodeHeap 'profiled nmethods': size=120000Kb used=2027Kb max_used=2027Kb free=117973Kb
 bounds [0x000001b9615d0000, 0x000001b961840000, 0x000001b968b00000]
CodeHeap 'non-nmethods': size=5760Kb used=1145Kb max_used=1186Kb free=4614Kb
 bounds [0x000001b968b00000, 0x000001b968d70000, 0x000001b9690a0000]
 total_blobs=1581 nmethods=1141 adapters=355
 compilation: enabled
              stopped_count=0, restarted_count=0
 full_count=0

Compilation events (20 events):
Event: 2.499 Thread 0x000001b97279ee70 nmethod 1109 0x000001b969111910 code [0x000001b969111ae0, 0x000001b969112430]
Event: 2.499 Thread 0x000001b9779c2f70 nmethod 1128 0x000001b9617bf090 code [0x000001b9617bf2c0, 0x000001b9617bfaf8]
Event: 2.499 Thread 0x000001b9779c2f70 1129       3       java.lang.ClassLoader::defineClass (43 bytes)
Event: 2.499 Thread 0x000001b97279ee70 1110       4       java.util.ArrayList::get (15 bytes)
Event: 2.500 Thread 0x000001b9779c2f70 nmethod 1129 0x000001b9617bfe90 code [0x000001b9617c0080, 0x000001b9617c0578]
Event: 2.500 Thread 0x000001b9779c2f70 1130       3       java.lang.ClassLoader::preDefineClass (118 bytes)
Event: 2.500 Thread 0x000001b97279ee70 nmethod 1110 0x000001b969112890 code [0x000001b969112a00, 0x000001b969112af8]
Event: 2.500 Thread 0x000001b97279ee70 1131       4       lombok.launch.PackageShader::apply (252 bytes)
Event: 2.502 Thread 0x000001b9779c2f70 nmethod 1130 0x000001b9617c0810 code [0x000001b9617c0b80, 0x000001b9617c1e38]
Event: 2.502 Thread 0x000001b9779c2f70 1132       3       java.lang.ClassLoader::getNamedPackage (73 bytes)
Event: 2.503 Thread 0x000001b9779c2f70 nmethod 1132 0x000001b9617c2510 code [0x000001b9617c2700, 0x000001b9617c2c48]
Event: 2.516 Thread 0x000001b9779c2f70 1134       3       sun.net.util.URLUtil::urlNoFragString (114 bytes)
Event: 2.518 Thread 0x000001b9779c2f70 nmethod 1134 0x000001b9617c2e10 code [0x000001b9617c3140, 0x000001b9617c4188]
Event: 2.519 Thread 0x000001b9779c2f70 1135       1       java.net.JarURLConnection::getJarFileURL (5 bytes)
Event: 2.519 Thread 0x000001b9779c2f70 nmethod 1135 0x000001b969112c10 code [0x000001b969112da0, 0x000001b969112e78]
Event: 2.535 Thread 0x000001b9779c2f70 1136       3       java.net.URI::quote (214 bytes)
Event: 2.538 Thread 0x000001b9779c2f70 nmethod 1136 0x000001b9617c4790 code [0x000001b9617c4b60, 0x000001b9617c6438]
Event: 2.545 Thread 0x000001b9779c2f70 1137       3       java.io.File::isDirectory (34 bytes)
Event: 2.548 Thread 0x000001b9779c2f70 nmethod 1137 0x000001b9617c6e10 code [0x000001b9617c7000, 0x000001b9617c7528]
Event: 2.553 Thread 0x000001b9779c2f70 1138       3       java.util.WeakHashMap::get (75 bytes)

GC Heap History (2 events):
Event: 2.113 GC heap before
{Heap before GC invocations=1 (full 0):
 PSYoungGen      total 29696K, used 25600K [0x00000000eab00000, 0x00000000ecc00000, 0x0000000100000000)
  eden space 25600K, 100% used [0x00000000eab00000,0x00000000ec400000,0x00000000ec400000)
  from space 4096K, 0% used [0x00000000ec800000,0x00000000ec800000,0x00000000ecc00000)
  to   space 4096K, 0% used [0x00000000ec400000,0x00000000ec400000,0x00000000ec800000)
 ParOldGen       total 68608K, used 0K [0x00000000c0000000, 0x00000000c4300000, 0x00000000eab00000)
  object space 68608K, 0% used [0x00000000c0000000,0x00000000c0000000,0x00000000c4300000)
 Metaspace       used 11121K, committed 11264K, reserved 1114112K
  class space    used 1107K, committed 1152K, reserved 1048576K
}
Event: 2.129 GC heap after
{Heap after GC invocations=1 (full 0):
 PSYoungGen      total 29696K, used 3139K [0x00000000eab00000, 0x00000000ecc00000, 0x0000000100000000)
  eden space 25600K, 0% used [0x00000000eab00000,0x00000000eab00000,0x00000000ec400000)
  from space 4096K, 76% used [0x00000000ec400000,0x00000000ec710c28,0x00000000ec800000)
  to   space 4096K, 0% used [0x00000000ec800000,0x00000000ec800000,0x00000000ecc00000)
 ParOldGen       total 68608K, used 0K [0x00000000c0000000, 0x00000000c4300000, 0x00000000eab00000)
  object space 68608K, 0% used [0x00000000c0000000,0x00000000c0000000,0x00000000c4300000)
 Metaspace       used 11121K, committed 11264K, reserved 1114112K
  class space    used 1107K, committed 1152K, reserved 1048576K
}

Dll operation events (8 events):
Event: 0.032 Loaded shared library c:\Users\顯闉\.vscode\extensions\redhat.java-1.25.0-win32-x64\jre\17.0.9-win32-x86_64\bin\java.dll
Event: 0.456 Loaded shared library c:\Users\顯闉\.vscode\extensions\redhat.java-1.25.0-win32-x64\jre\17.0.9-win32-x86_64\bin\zip.dll
Event: 0.462 Loaded shared library C:\Users\顯闉\.vscode\extensions\redhat.java-1.25.0-win32-x64\jre\17.0.9-win32-x86_64\bin\instrument.dll
Event: 0.490 Loaded shared library C:\Users\顯闉\.vscode\extensions\redhat.java-1.25.0-win32-x64\jre\17.0.9-win32-x86_64\bin\net.dll
Event: 0.494 Loaded shared library C:\Users\顯闉\.vscode\extensions\redhat.java-1.25.0-win32-x64\jre\17.0.9-win32-x86_64\bin\nio.dll
Event: 0.509 Loaded shared library C:\Users\顯闉\.vscode\extensions\redhat.java-1.25.0-win32-x64\jre\17.0.9-win32-x86_64\bin\zip.dll
Event: 0.541 Loaded shared library C:\Users\顯闉\.vscode\extensions\redhat.java-1.25.0-win32-x64\jre\17.0.9-win32-x86_64\bin\jimage.dll
Event: 0.692 Loaded shared library c:\Users\顯闉\.vscode\extensions\redhat.java-1.25.0-win32-x64\jre\17.0.9-win32-x86_64\bin\verify.dll

Deoptimization events (20 events):
Event: 2.191 Thread 0x000001b95e91dc40 DEOPT PACKING pc=0x000001b969109104 sp=0x0000003a4e7fb1d0
Event: 2.191 Thread 0x000001b95e91dc40 DEOPT UNPACKING pc=0x000001b968b566a3 sp=0x0000003a4e7fb150 mode 2
Event: 2.312 Thread 0x000001b95e91dc40 DEOPT PACKING pc=0x000001b9616d5aea sp=0x0000003a4e7fce90
Event: 2.313 Thread 0x000001b95e91dc40 DEOPT UNPACKING pc=0x000001b968b56e43 sp=0x0000003a4e7fc328 mode 0
Event: 2.468 Thread 0x000001b95e91dc40 Uncommon trap: trap_request=0xffffff45 fr.pc=0x000001b9690dd5c8 relative=0x0000000000000848
Event: 2.468 Thread 0x000001b95e91dc40 Uncommon trap: reason=unstable_if action=reinterpret pc=0x000001b9690dd5c8 method=lombok.patcher.PatchScript.classMatches(Ljava/lang/String;Ljava/util/Collection;)Z @ 25 c2
Event: 2.468 Thread 0x000001b95e91dc40 DEOPT PACKING pc=0x000001b9690dd5c8 sp=0x0000003a4e7f8110
Event: 2.468 Thread 0x000001b95e91dc40 DEOPT UNPACKING pc=0x000001b968b566a3 sp=0x0000003a4e7f8058 mode 2
Event: 2.471 Thread 0x000001b95e91dc40 DEOPT PACKING pc=0x000001b96164f7c5 sp=0x0000003a4e7f7590
Event: 2.471 Thread 0x000001b95e91dc40 DEOPT UNPACKING pc=0x000001b968b56e43 sp=0x0000003a4e7f6a40 mode 0
Event: 2.500 Thread 0x000001b95e91dc40 DEOPT PACKING pc=0x000001b96164f7c5 sp=0x0000003a4e7f3970
Event: 2.500 Thread 0x000001b95e91dc40 DEOPT UNPACKING pc=0x000001b968b56e43 sp=0x0000003a4e7f2e20 mode 0
Event: 2.504 Thread 0x000001b95e91dc40 DEOPT PACKING pc=0x000001b96163e0b4 sp=0x0000003a4e7f3620
Event: 2.504 Thread 0x000001b95e91dc40 DEOPT UNPACKING pc=0x000001b968b56e43 sp=0x0000003a4e7f2aa0 mode 0
Event: 2.507 Thread 0x000001b95e91dc40 DEOPT PACKING pc=0x000001b96164f7c5 sp=0x0000003a4e7f3970
Event: 2.507 Thread 0x000001b95e91dc40 DEOPT UNPACKING pc=0x000001b968b56e43 sp=0x0000003a4e7f2e20 mode 0
Event: 2.522 Thread 0x000001b95e91dc40 DEOPT PACKING pc=0x000001b96164f7c5 sp=0x0000003a4e7f3970
Event: 2.522 Thread 0x000001b95e91dc40 DEOPT UNPACKING pc=0x000001b968b56e43 sp=0x0000003a4e7f2e20 mode 0
Event: 2.551 Thread 0x000001b95e91dc40 DEOPT PACKING pc=0x000001b96164f7c5 sp=0x0000003a4e7f74a0
Event: 2.551 Thread 0x000001b95e91dc40 DEOPT UNPACKING pc=0x000001b968b56e43 sp=0x0000003a4e7f6950 mode 0

Classes unloaded (0 events):
No events

Classes redefined (0 events):
No events

Internal exceptions (20 events):
Event: 1.465 Thread 0x000001b95e91dc40 Exception <a 'java/io/FileNotFoundException'{0x00000000eb8b59f8}> (0x00000000eb8b59f8) 
thrown [s\src\hotspot\share\prims\jni.cpp, line 516]
Event: 1.465 Thread 0x000001b95e91dc40 Exception <a 'java/io/FileNotFoundException'{0x00000000eb8b6e20}> (0x00000000eb8b6e20) 
thrown [s\src\hotspot\share\prims\jni.cpp, line 516]
Event: 1.473 Thread 0x000001b95e91dc40 Implicit null exception at 0x000001b9690c4c75 to 0x000001b9690c5488
Event: 1.474 Thread 0x000001b95e91dc40 Implicit null exception at 0x000001b9690c5bf2 to 0x000001b9690c640c
Event: 1.479 Thread 0x000001b95e91dc40 Exception <a 'java/io/FileNotFoundException'{0x00000000eb8f0688}> (0x00000000eb8f0688) 
thrown [s\src\hotspot\share\prims\jni.cpp, line 516]
Event: 1.915 Thread 0x000001b95e91dc40 Exception <a 'java/lang/ClassNotFoundException'{0x00000000ec113728}: sun/net/www/protocol/c/Handler> (0x00000000ec113728) 
thrown [s\src\hotspot\share\classfile\systemDictionary.cpp, line 256]
Event: 1.915 Thread 0x000001b95e91dc40 Exception <a 'java/lang/ClassNotFoundException'{0x00000000ec114bf0}: sun/net/www/protocol/c/Handler> (0x00000000ec114bf0) 
thrown [s\src\hotspot\share\classfile\systemDictionary.cpp, line 256]
Event: 1.916 Thread 0x000001b95e91dc40 Exception <a 'java/lang/ClassNotFoundException'{0x00000000ec115f68}: sun/net/www/protocol/c/Handler> (0x00000000ec115f68) 
thrown [s\src\hotspot\share\classfile\systemDictionary.cpp, line 256]
Event: 1.931 Thread 0x000001b95e91dc40 Exception <a 'java/io/FileNotFoundException'{0x00000000ec13a3c0}> (0x00000000ec13a3c0) 
thrown [s\src\hotspot\share\prims\jni.cpp, line 516]
Event: 2.033 Thread 0x000001b95e91dc40 Implicit null exception at 0x000001b969100000 to 0x000001b9691009dc
Event: 2.033 Thread 0x000001b95e91dc40 Implicit null exception at 0x000001b9690f106c to 0x000001b9690f126c
Event: 2.033 Thread 0x000001b95e91dc40 Implicit null exception at 0x000001b9690ea48e to 0x000001b9690ea6e0
Event: 2.033 Thread 0x000001b95e91dc40 Implicit null exception at 0x000001b9690e8f0f to 0x000001b9690e8f89
Event: 2.155 Thread 0x000001b95e91dc40 Exception <a 'java/lang/NoSuchMethodError'{0x00000000eab337b0}: 'int java.lang.invoke.DirectMethodHandle$Holder.invokeStaticInit(java.lang.Object, java.lang.Object, java.lang.Object, java.lang.Object)'> (0x00000000eab337b0) 
thrown [s\src\hotspot\share\interpreter\linkResolver.cpp, line 759]
Event: 2.195 Thread 0x000001b95e91dc40 Exception <a 'java/lang/NoSuchMethodError'{0x00000000eab3df28}: 'java.lang.Object java.lang.invoke.DirectMethodHandle$Holder.invokeInterface(java.lang.Object, java.lang.Object)'> (0x00000000eab3df28) 
thrown [s\src\hotspot\share\interpreter\linkResolver.cpp, line 759]
Event: 2.196 Thread 0x000001b95e91dc40 Exception <a 'java/lang/IncompatibleClassChangeError'{0x00000000eab41720}: Found class java.lang.Object, but interface was expected> (0x00000000eab41720) 
thrown [s\src\hotspot\share\interpreter\linkResolver.cpp, line 826]
Event: 2.197 Thread 0x000001b95e91dc40 Exception <a 'java/lang/NoSuchMethodError'{0x00000000eab45c18}: 'void java.lang.invoke.DirectMethodHandle$Holder.invokeStatic(java.lang.Object, java.lang.Object)'> (0x00000000eab45c18) 
thrown [s\src\hotspot\share\interpreter\linkResolver.cpp, line 759]
Event: 2.198 Thread 0x000001b95e91dc40 Exception <a 'java/lang/NoSuchMethodError'{0x00000000eab49418}: 'void java.lang.invoke.DirectMethodHandle$Holder.invokeStaticInit(java.lang.Object, java.lang.Object)'> (0x00000000eab49418) 
thrown [s\src\hotspot\share\interpreter\linkResolver.cpp, line 759]
Event: 2.199 Thread 0x000001b95e91dc40 Exception <a 'java/lang/NoSuchMethodError'{0x00000000eab50990}: 'int java.lang.invoke.DirectMethodHandle$Holder.invokeStaticInit(java.lang.Object, java.lang.Object)'> (0x00000000eab50990) 
thrown [s\src\hotspot\share\interpreter\linkResolver.cpp, line 759]
Event: 2.284 Thread 0x000001b95e91dc40 Exception <a 'java/lang/NoSuchMethodError'{0x00000000eacaa298}: 'void java.lang.invoke.DirectMethodHandle$Holder.invokeSpecial(java.lang.Object, java.lang.Object, java.lang.Object)'> (0x00000000eacaa298) 
thrown [s\src\hotspot\share\interpreter\linkResolver.cpp, line 759]

VM Operations (12 events):
Event: 0.401 Executing VM operation: HandshakeAllThreads
Event: 0.401 Executing VM operation: HandshakeAllThreads done
Event: 0.591 Executing VM operation: HandshakeAllThreads
Event: 0.591 Executing VM operation: HandshakeAllThreads done
Event: 1.339 Executing VM operation: HandshakeAllThreads
Event: 1.339 Executing VM operation: HandshakeAllThreads done
Event: 1.339 Executing VM operation: Cleanup
Event: 1.339 Executing VM operation: Cleanup done
Event: 1.400 Executing VM operation: HandshakeAllThreads
Event: 1.400 Executing VM operation: HandshakeAllThreads done
Event: 2.113 Executing VM operation: ParallelGCFailedAllocation
Event: 2.129 Executing VM operation: ParallelGCFailedAllocation done

Events (20 events):
Event: 2.332 loading class java/util/concurrent/SynchronousQueue$TransferStack
Event: 2.332 loading class java/util/concurrent/SynchronousQueue$Transferer
Event: 2.333 loading class java/util/concurrent/SynchronousQueue$Transferer done
Event: 2.333 loading class java/util/concurrent/SynchronousQueue$TransferStack done
Event: 2.333 loading class java/util/concurrent/SynchronousQueue$TransferStack$SNode
Event: 2.333 loading class java/util/concurrent/ForkJoinPool$ManagedBlocker
Event: 2.333 loading class java/util/concurrent/ForkJoinPool$ManagedBlocker done
Event: 2.333 loading class java/util/concurrent/SynchronousQueue$TransferStack$SNode done
Event: 2.334 loading class java/util/concurrent/RejectedExecutionHandler
Event: 2.349 loading class java/util/concurrent/RejectedExecutionHandler done
Event: 2.349 loading class java/util/concurrent/LinkedBlockingQueue
Event: 2.350 loading class java/util/concurrent/LinkedBlockingQueue done
Event: 2.350 loading class java/util/concurrent/LinkedBlockingQueue$Node
Event: 2.350 loading class java/util/concurrent/LinkedBlockingQueue$Node done
Event: 2.401 loading class java/util/concurrent/Semaphore$NonfairSync
Event: 2.401 loading class java/util/concurrent/Semaphore$Sync
Event: 2.401 loading class java/util/concurrent/Semaphore$Sync done
Event: 2.401 loading class java/util/concurrent/Semaphore$NonfairSync done
Event: 2.513 loading class java/lang/TypeNotPresentException
Event: 2.513 loading class java/lang/TypeNotPresentException done


Dynamic libraries:
0x00007ff78e0c0000 - 0x00007ff78e0ce000 	c:\Users\顯闉\.vscode\extensions\redhat.java-1.25.0-win32-x64\jre\17.0.9-win32-x86_64\bin\java.exe
0x00007ffe326b0000 - 0x00007ffe328a8000 	C:\WINDOWS\SYSTEM32\ntdll.dll
0x00007ffe30ec0000 - 0x00007ffe30f7d000 	C:\WINDOWS\System32\KERNEL32.DLL
0x00007ffe30410000 - 0x00007ffe30706000 	C:\WINDOWS\System32\KERNELBASE.dll
0x00007ffe30070000 - 0x00007ffe30170000 	C:\WINDOWS\System32\ucrtbase.dll
0x00007ffe29230000 - 0x00007ffe29247000 	c:\Users\顯闉\.vscode\extensions\redhat.java-1.25.0-win32-x64\jre\17.0.9-win32-x86_64\bin\jli.dll
0x00007ffe30710000 - 0x00007ffe308ae000 	C:\WINDOWS\System32\USER32.dll
0x00007ffe2fd90000 - 0x00007ffe2fdb2000 	C:\WINDOWS\System32\win32u.dll
0x00007ffe308d0000 - 0x00007ffe308fc000 	C:\WINDOWS\System32\GDI32.dll
0x00007ffe302a0000 - 0x00007ffe303ba000 	C:\WINDOWS\System32\gdi32full.dll
0x00007ffe30200000 - 0x00007ffe3029d000 	C:\WINDOWS\System32\msvcp_win.dll
0x00007ffe28e90000 - 0x00007ffe28eab000 	c:\Users\顯闉\.vscode\extensions\redhat.java-1.25.0-win32-x64\jre\17.0.9-win32-x86_64\bin\VCRUNTIME140.dll
0x00007ffe207d0000 - 0x00007ffe20a6a000 	C:\WINDOWS\WinSxS\amd64_microsoft.windows.common-controls_6595b64144ccf1df_6.0.19041.3636_none_60b6a03d71f818d5\COMCTL32.dll
0x00007ffe30900000 - 0x00007ffe3099e000 	C:\WINDOWS\System32\msvcrt.dll
0x00007ffe31780000 - 0x00007ffe317b0000 	C:\WINDOWS\System32\IMM32.DLL
0x00007ffe29b50000 - 0x00007ffe29b5c000 	c:\Users\顯闉\.vscode\extensions\redhat.java-1.25.0-win32-x64\jre\17.0.9-win32-x86_64\bin\vcruntime140_1.dll
0x00007ffe09ae0000 - 0x00007ffe09b6d000 	c:\Users\顯闉\.vscode\extensions\redhat.java-1.25.0-win32-x64\jre\17.0.9-win32-x86_64\bin\msvcp140.dll
0x00007ffde1110000 - 0x00007ffde1d71000 	c:\Users\顯闉\.vscode\extensions\redhat.java-1.25.0-win32-x64\jre\17.0.9-win32-x86_64\bin\server\jvm.dll
0x00007ffe32550000 - 0x00007ffe325ff000 	C:\WINDOWS\System32\ADVAPI32.dll
0x00007ffe31e10000 - 0x00007ffe31eac000 	C:\WINDOWS\System32\sechost.dll
0x00007ffe317c0000 - 0x00007ffe318e6000 	C:\WINDOWS\System32\RPCRT4.dll
0x00007ffe2f930000 - 0x00007ffe2f97b000 	C:\WINDOWS\SYSTEM32\POWRPROF.dll
0x00007ffe23340000 - 0x00007ffe23349000 	C:\WINDOWS\SYSTEM32\WSOCK32.dll
0x00007ffe32600000 - 0x00007ffe3266b000 	C:\WINDOWS\System32\WS2_32.dll
0x00007ffe16700000 - 0x00007ffe16727000 	C:\WINDOWS\SYSTEM32\WINMM.dll
0x00007ffe2bd70000 - 0x00007ffe2bd7a000 	C:\WINDOWS\SYSTEM32\VERSION.dll
0x00007ffe2f8f0000 - 0x00007ffe2f902000 	C:\WINDOWS\SYSTEM32\UMPDC.dll
0x00007ffe2e630000 - 0x00007ffe2e642000 	C:\WINDOWS\SYSTEM32\kernel.appcore.dll
0x00007ffe29a90000 - 0x00007ffe29a9a000 	c:\Users\顯闉\.vscode\extensions\redhat.java-1.25.0-win32-x64\jre\17.0.9-win32-x86_64\bin\jimage.dll
0x00007ffe2e2b0000 - 0x00007ffe2e494000 	C:\WINDOWS\SYSTEM32\DBGHELP.DLL
0x00007ffe27ee0000 - 0x00007ffe27f14000 	C:\WINDOWS\SYSTEM32\dbgcore.DLL
0x00007ffe30170000 - 0x00007ffe301f2000 	C:\WINDOWS\System32\bcryptPrimitives.dll
0x00007ffe29a60000 - 0x00007ffe29a6e000 	c:\Users\顯闉\.vscode\extensions\redhat.java-1.25.0-win32-x64\jre\17.0.9-win32-x86_64\bin\instrument.dll
0x00007ffe201c0000 - 0x00007ffe201e5000 	c:\Users\顯闉\.vscode\extensions\redhat.java-1.25.0-win32-x64\jre\17.0.9-win32-x86_64\bin\java.dll
0x00007ffe28af0000 - 0x00007ffe28b08000 	c:\Users\顯闉\.vscode\extensions\redhat.java-1.25.0-win32-x64\jre\17.0.9-win32-x86_64\bin\zip.dll
0x00007ffe30f80000 - 0x00007ffe316c4000 	C:\WINDOWS\System32\SHELL32.dll
0x00007ffe2da40000 - 0x00007ffe2e1db000 	C:\WINDOWS\SYSTEM32\windows.storage.dll
0x00007ffe31f30000 - 0x00007ffe32284000 	C:\WINDOWS\System32\combase.dll
0x00007ffe2f760000 - 0x00007ffe2f78d000 	C:\WINDOWS\SYSTEM32\Wldp.dll
0x00007ffe31d60000 - 0x00007ffe31e0d000 	C:\WINDOWS\System32\SHCORE.dll
0x00007ffe324f0000 - 0x00007ffe32545000 	C:\WINDOWS\System32\shlwapi.dll
0x00007ffe2fcc0000 - 0x00007ffe2fce5000 	C:\WINDOWS\SYSTEM32\profapi.dll
0x00007ffe26c00000 - 0x00007ffe26c19000 	C:\Users\顯闉\.vscode\extensions\redhat.java-1.25.0-win32-x64\jre\17.0.9-win32-x86_64\bin\net.dll
0x00007ffe26000000 - 0x00007ffe2610a000 	C:\WINDOWS\SYSTEM32\WINHTTP.dll
0x00007ffe2f460000 - 0x00007ffe2f4ca000 	C:\WINDOWS\system32\mswsock.dll
0x00007ffe26890000 - 0x00007ffe268a6000 	C:\Users\顯闉\.vscode\extensions\redhat.java-1.25.0-win32-x64\jre\17.0.9-win32-x86_64\bin\nio.dll
0x00007ffe29330000 - 0x00007ffe29340000 	c:\Users\顯闉\.vscode\extensions\redhat.java-1.25.0-win32-x64\jre\17.0.9-win32-x86_64\bin\verify.dll

dbghelp: loaded successfully - version: 4.0.5 - missing functions: none
symbol engine: initialized successfully - sym options: 0x614 - pdb path: .;c:\Users\顯闉\.vscode\extensions\redhat.java-1.25.0-win32-x64\jre\17.0.9-win32-x86_64\bin;C:\WINDOWS\SYSTEM32;C:\WINDOWS\WinSxS\amd64_microsoft.windows.common-controls_6595b64144ccf1df_6.0.19041.3636_none_60b6a03d71f818d5;c:\Users\顯闉\.vscode\extensions\redhat.java-1.25.0-win32-x64\jre\17.0.9-win32-x86_64\bin\server

VM Arguments:
jvm_args: --add-modules=ALL-SYSTEM --add-opens=java.base/java.util=ALL-UNNAMED --add-opens=java.base/java.lang=ALL-UNNAMED --add-opens=java.base/sun.nio.fs=ALL-UNNAMED -Declipse.application=org.eclipse.jdt.ls.core.id1 -Dosgi.bundles.defaultStartLevel=4 -Declipse.product=org.eclipse.jdt.ls.core.product -Djava.import.generatesMetadataFilesAtProjectRoot=false -DDetectVMInstallationsJob.disabled=true -Dfile.encoding=utf8 -XX:+UseParallelGC -XX:GCTimeRatio=4 -XX:AdaptiveSizePolicyWeight=90 -Dsun.zip.disableMemoryMapping=true -Xmx1G -Xms100m -Xlog:disable -javaagent:c:\Users\顯闉\.vscode\extensions\redhat.java-1.25.0-win32-x64\lombok\lombok-1.18.30.jar 
java_command: c:\Users\顯闉\.vscode\extensions\redhat.java-1.25.0-win32-x64\server\plugins\org.eclipse.equinox.launcher_1.6.600.v20231012-1237.jar -configuration c:\Users\顯闉\AppData\Roaming\Code\User\globalStorage\redhat.java\1.25.0\config_ss_win -data c:\Users\顯闉\AppData\Roaming\Code\User\workspaceStorage\26e44e572e65a93c5b02d3bb3715b486\redhat.java\ss_ws --stdio
java_class_path (initial): c:\Users\顯闉\.vscode\extensions\redhat.java-1.25.0-win32-x64\server\plugins\org.eclipse.equinox.launcher_1.6.600.v20231012-1237.jar
Launcher Type: SUN_STANDARD

[Global flags]
    uintx AdaptiveSizePolicyWeight                 = 90                                        {product} {command line}
     intx CICompilerCount                          = 3                                         {product} {ergonomic}
    uintx GCTimeRatio                              = 4                                         {product} {command line}
   size_t InitialHeapSize                          = 104857600                                 {product} {command line}
   size_t MaxHeapSize                              = 1073741824                                {product} {command line}
   size_t MaxNewSize                               = 357564416                                 {product} {ergonomic}
   size_t MinHeapDeltaBytes                        = 524288                                    {product} {ergonomic}
   size_t MinHeapSize                              = 104857600                                 {product} {command line}
   size_t NewSize                                  = 34603008                                  {product} {ergonomic}
    uintx NonNMethodCodeHeapSize                   = 5832780                                {pd product} {ergonomic}
    uintx NonProfiledCodeHeapSize                  = 122912730                              {pd product} {ergonomic}
   size_t OldSize                                  = 70254592                                  {product} {ergonomic}
    uintx ProfiledCodeHeapSize                     = 122912730                              {pd product} {ergonomic}
    uintx ReservedCodeCacheSize                    = 251658240                              {pd product} {ergonomic}
     bool SegmentedCodeCache                       = true                                      {product} {ergonomic}
   size_t SoftMaxHeapSize                          = 1073741824                             {manageable} {ergonomic}
     bool UseCompressedClassPointers               = true                           {product lp64_product} {ergonomic}
     bool UseCompressedOops                        = true                           {product lp64_product} {ergonomic}
     bool UseLargePagesIndividualAllocation        = false                                  {pd product} {ergonomic}
     bool UseParallelGC                            = true                                      {product} {command line}

Logging:
Log output configuration:
 #0: stdout all=off uptime,level,tags
 #1: stderr all=off uptime,level,tags

Environment Variables:
JAVA_HOME=C:\Program Files\Java\jdk-21
PATH=C:\ProgramData\Oracle\Java\javapath;C:\Windows\system32;C:\Windows;C:\Windows\System32\Wbem;C:\Windows\System32\WindowsPowerShell\v1.0\;C:\Windows\System32\OpenSSH\;C:\Program Files\Intel\WiFi\bin\;C:\Program Files\Common Files\Intel\WirelessCommon\;C:\WINDOWS\system32;C:\WINDOWS;C:\WINDOWS\System32\Wbem;C:\WINDOWS\System32\WindowsPowerShell\v1.0\;C:\WINDOWS\System32\OpenSSH\;C:\Program Files (x86)\NVIDIA Corporation\PhysX\Common;C:\Program Files\dotnet\;C:\Program Files (x86)\GtkSharp\2.12\bin;C:\WINDOWS\system32;C:\WINDOWS;C:\WINDOWS\System32\Wbem;C:\WINDOWS\System32\WindowsPowerShell\v1.0\;C:\WINDOWS\System32\OpenSSH\;";C:\Program Files\AndroidADT\sdk\platform-tools\";C:\Program Files\nodejs\;C:\Program Files\Git\cmd;C:\Program Files\nodejs;C:\Program Files\Go\bin;C:\Program Files\Java\jdk-21\bin;C:\Users\顯闉\Documents\mpj-v0_44\bin;C:\Ruby32-x64\bin;C:\python37\Scripts\;C:\python37\;C:\Users\顯闉\AppData\Local\Microsoft\WindowsApps;C:\Users\顯闉\AppData\Local\Programs\Microsoft VS Code\bin;C:\Users\顯闉\AppData\Roaming\npm;C:\Program Files\nodejs;C:\Users\顯闉\go\bin
USERNAME=顯闉
OS=Windows_NT
PROCESSOR_IDENTIFIER=Intel64 Family 6 Model 142 Stepping 9, GenuineIntel
TMP=C:\Users\A946~1\AppData\Local\Temp
TEMP=C:\Users\A946~1\AppData\Local\Temp



Periodic native trim disabled


---------------  S Y S T E M  ---------------

OS:
 Windows 10 , 64 bit Build 19041 (10.0.19041.3636)
OS uptime: 16 days 6:33 hours

CPU: total 4 (initial active 4) (2 cores per cpu, 2 threads per core) family 6 model 142 stepping 9 microcode 0xb4, cx8, cmov, fxsr, ht, mmx, 3dnowpref, sse, sse2, sse3, ssse3, sse4.1, sse4.2, popcnt, lzcnt, tsc, tscinvbit, avx, avx2, aes, erms, clmul, bmi1, bmi2, adx, fma, vzeroupper, clflush, clflushopt
Processor Information for all 4 processors :
  Max Mhz: 2400, Current Mhz: 2400, Mhz Limit: 2400

Memory: 4k page, system-wide physical 3979M (372M free)
TotalPageFile size 16267M (AvailPageFile size 151M)
current process WorkingSet (physical memory assigned to process): 79M, peak: 79M
current process commit charge ("private bytes"): 188M, peak: 189M

vm_info: OpenJDK 64-Bit Server VM (17.0.9+9) for windows-amd64 JRE (17.0.9+9), built on Oct 26 2023 14:01:42 by "admin" with MS VC++ 16.10 / 16.11 (VS2019)

END.
