#
# There is insufficient memory for the Java Runtime Environment to continue.
# Native memory allocation (malloc) failed to allocate 1048576 bytes for AllocateHeap
# Possible reasons:
#   The system is out of physical RAM or swap space
#   The process is running with CompressedOops enabled, and the Java Heap may be blocking the growth of the native heap
# Possible solutions:
#   Reduce memory load on the system
#   Increase physical memory or swap space
#   Check if swap backing store is full
#   Decrease Java heap size (-Xmx/-Xms)
#   Decrease number of Java threads
#   Decrease Java thread stack sizes (-Xss)
#   Set larger code cache with -XX:ReservedCodeCacheSize=
#   JVM is running with Unscaled Compressed Oops mode in which the Java heap is
#     placed in the first 4GB address space. The Java Heap base address is the
#     maximum limit for the native heap growth. Please use -XX:HeapBaseMinAddress
#     to set the Java Heap base and to place the Java Heap above 4GB virtual address.
# This output file may be truncated or incomplete.
#
#  Out of Memory Error (allocation.cpp:44), pid=20916, tid=15956
#
# JRE version:  (17.0.9+9) (build )
# Java VM: OpenJDK 64-Bit Server VM (17.0.9+9, mixed mode, tiered, compressed oops, compressed class ptrs, parallel gc, windows-amd64)
# No core dump will be written. Minidumps are not enabled by default on client versions of Windows
#

---------------  S U M M A R Y ------------

Command Line: --add-modules=ALL-SYSTEM --add-opens=java.base/java.util=ALL-UNNAMED --add-opens=java.base/java.lang=ALL-UNNAMED --add-opens=java.base/sun.nio.fs=ALL-UNNAMED -Declipse.application=org.eclipse.jdt.ls.core.id1 -Dosgi.bundles.defaultStartLevel=4 -Declipse.product=org.eclipse.jdt.ls.core.product -Djava.import.generatesMetadataFilesAtProjectRoot=false -DDetectVMInstallationsJob.disabled=true -Dfile.encoding=utf8 -XX:+UseParallelGC -XX:GCTimeRatio=4 -XX:AdaptiveSizePolicyWeight=90 -Dsun.zip.disableMemoryMapping=true -Xmx1G -Xms100m -Xlog:disable -javaagent:c:\Users\顯闉\.vscode\extensions\redhat.java-1.25.0-win32-x64\lombok\lombok-1.18.30.jar -XX:+HeapDumpOnOutOfMemoryError -XX:HeapDumpPath=c:\Users\顯闉\AppData\Roaming\Code\User\workspaceStorage\26e44e572e65a93c5b02d3bb3715b486\redhat.java -Daether.dependencyCollector.impl=bf c:\Users\顯闉\.vscode\extensions\redhat.java-1.25.0-win32-x64\server\plugins\org.eclipse.equinox.launcher_1.6.600.v20231012-1237.jar -configuration c:\Users\顯闉\AppData\Roaming\Code\User\globalStorage\redhat.java\1.25.0\config_win -data c:\Users\顯闉\AppData\Roaming\Code\User\workspaceStorage\26e44e572e65a93c5b02d3bb3715b486\redhat.java\jdt_ws --stdio

Host: Intel(R) Core(TM) i3-7100U CPU @ 2.40GHz, 4 cores, 3G,  Windows 10 , 64 bit Build 19041 (10.0.19041.3636)
Time: Sun Dec  3 00:32:44 2023  Windows 10 , 64 bit Build 19041 (10.0.19041.3636) elapsed time: 0.125247 seconds (0d 0h 0m 0s)

---------------  T H R E A D  ---------------

Current thread (0x00000184c9d90d50):  JavaThread "Unknown thread" [_thread_in_vm, id=15956, stack(0x0000006c10500000,0x0000006c10600000)]

Stack: [0x0000006c10500000,0x0000006c10600000]
Native frames: (J=compiled Java code, j=interpreted, Vv=VM code, C=native code)
V  [jvm.dll+0x67cf49]
V  [jvm.dll+0x83478a]
V  [jvm.dll+0x83624e]
V  [jvm.dll+0x8368b3]
V  [jvm.dll+0x247f1f]
V  [jvm.dll+0xa6b4b]
V  [jvm.dll+0x6afa7a]
V  [jvm.dll+0x6b076f]
V  [jvm.dll+0x689683]
V  [jvm.dll+0x80674b]
V  [jvm.dll+0x36cfb4]
V  [jvm.dll+0x7e4aac]
V  [jvm.dll+0x3f07af]
V  [jvm.dll+0x3f23e1]
C  [jli.dll+0x528f]
C  [ucrtbase.dll+0x21bb2]
C  [KERNEL32.DLL+0x17344]
C  [ntdll.dll+0x526b1]


---------------  P R O C E S S  ---------------

Threads class SMR info:
_java_thread_list=0x00007ffde1c3ee98, length=0, elements={
}

Java Threads: ( => current thread )

Other Threads:
  0x00000184c9da34a0 GCTaskThread "GC Thread#0" [stack: 0x0000006c10600000,0x0000006c10700000] [id=19544]

=>0x00000184c9d90d50 (exited) JavaThread "Unknown thread" [_thread_in_vm, id=15956, stack(0x0000006c10500000,0x0000006c10600000)]

Threads with active compile tasks:

VM state: not at safepoint (normal execution)

VM Mutex/Monitor currently owned by a thread: None

Heap address: 0x00000000c0000000, size: 1024 MB, Compressed Oops mode: 32-bit

CDS archive(s) not mapped
Compressed class space mapped at: 0x0000000100000000-0x0000000140000000, reserved size: 1073741824
Narrow klass base: 0x0000000000000000, Narrow klass shift: 3, Narrow klass range: 0x140000000

GC Precious Log:
 CPUs: 4 total, 4 available
 Memory: 3979M
 Large Page Support: Disabled
 NUMA Support: Disabled
 Compressed Oops: Enabled (32-bit)
 Alignments: Space 512K, Generation 512K, Heap 2M
 Heap Min Capacity: 100M
 Heap Initial Capacity: 100M
 Heap Max Capacity: 1G
 Pre-touch: Disabled
 Parallel Workers: 4

Heap:
 PSYoungGen      total 29696K, used 512K [0x00000000eab00000, 0x00000000ecc00000, 0x0000000100000000)
  eden space 25600K, 2% used [0x00000000eab00000,0x00000000eab80070,0x00000000ec400000)
  from space 4096K, 0% used [0x00000000ec800000,0x00000000ec800000,0x00000000ecc00000)
  to   space 4096K, 0% used [0x00000000ec400000,0x00000000ec400000,0x00000000ec800000)
 ParOldGen       total 68608K, used 0K [0x00000000c0000000, 0x00000000c4300000, 0x00000000eab00000)
  object space 68608K, 0% used [0x00000000c0000000,0x00000000c0000000,0x00000000c4300000)
 Metaspace       used 1149K, committed 1216K, reserved 1114112K
  class space    used 101K, committed 128K, reserved 1048576K

Card table byte_map: [0x00000184c9740000,0x00000184c9950000] _byte_map_base: 0x00000184c9140000

Marking Bits: (ParMarkBitMap*) 0x00007ffde1cad0b0
 Begin Bits: [0x00000184dba30000, 0x00000184dca30000)
 End Bits:   [0x00000184dca30000, 0x00000184dda30000)

Polling page: 0x00000184c7bc0000

Metaspace:

Usage:
  Non-class:      1.02 MB used.
      Class:    101.05 KB used.
       Both:      1.12 MB used.

Virtual space:
  Non-class space:       64.00 MB reserved,       1.06 MB (  2%) committed,  1 nodes.
      Class space:        1.00 GB reserved,     128.00 KB ( <1%) committed,  1 nodes.
             Both:        1.06 GB reserved,       1.19 MB ( <1%) committed. 

Chunk freelists:
   Non-Class:  12.00 MB
       Class:  15.75 MB
        Both:  27.75 MB

MaxMetaspaceSize: unlimited
CompressedClassSpaceSize: 1.00 GB
Initial GC threshold: 21.00 MB
Current GC threshold: 17179869184.00 GB
CDS: off
MetaspaceReclaimPolicy: balanced
 - commit_granule_bytes: 65536.
 - commit_granule_words: 8192.
 - virtual_space_node_default_size: 8388608.
 - enlarge_chunks_in_place: 1.
 - new_chunks_are_fully_committed: 0.
 - uncommit_free_chunks: 1.
 - use_allocation_guard: 0.
 - handle_deallocations: 1.


Internal statistics:

num_allocs_failed_limit: 0.
num_arena_births: 2.
num_arena_deaths: 0.
num_vsnodes_births: 2.
num_vsnodes_deaths: 0.
num_space_committed: 19.
num_space_uncommitted: 0.
num_chunks_returned_to_freelist: 0.
num_chunks_taken_from_freelist: 3.
num_chunk_merges: 0.
num_chunk_splits: 2.
num_chunks_enlarged: 0.
num_inconsistent_stats: 0.

CodeHeap 'non-profiled nmethods': size=120000Kb used=0Kb max_used=0Kb free=120000Kb
 bounds [0x00000184d4500000, 0x00000184d4770000, 0x00000184dba30000]
CodeHeap 'profiled nmethods': size=120000Kb used=0Kb max_used=0Kb free=120000Kb
 bounds [0x00000184cca30000, 0x00000184ccca0000, 0x00000184d3f60000]
CodeHeap 'non-nmethods': size=5760Kb used=202Kb max_used=353Kb free=5557Kb
 bounds [0x00000184d3f60000, 0x00000184d41d0000, 0x00000184d4500000]
 total_blobs=66 nmethods=0 adapters=47
 compilation: enabled
              stopped_count=0, restarted_count=0
 full_count=0

Compilation events (0 events):
No events

GC Heap History (0 events):
No events

Dll operation events (1 events):
Event: 0.017 Loaded shared library c:\Users\顯闉\.vscode\extensions\redhat.java-1.25.0-win32-x64\jre\17.0.9-win32-x86_64\bin\java.dll

Deoptimization events (0 events):
No events

Classes unloaded (0 events):
No events

Classes redefined (0 events):
No events

Internal exceptions (0 events):
No events

VM Operations (0 events):
No events

Events (20 events):
Event: 0.068 loading class java/lang/Long
Event: 0.068 loading class java/lang/Long done
Event: 0.068 loading class java/util/Iterator
Event: 0.072 loading class java/util/Iterator done
Event: 0.072 loading class java/lang/reflect/RecordComponent
Event: 0.072 loading class java/lang/reflect/RecordComponent done
Event: 0.072 loading class jdk/internal/vm/vector/VectorSupport
Event: 0.075 loading class jdk/internal/vm/vector/VectorSupport done
Event: 0.075 loading class jdk/internal/vm/vector/VectorSupport$VectorPayload
Event: 0.075 loading class jdk/internal/vm/vector/VectorSupport$VectorPayload done
Event: 0.075 loading class jdk/internal/vm/vector/VectorSupport$Vector
Event: 0.075 loading class jdk/internal/vm/vector/VectorSupport$Vector done
Event: 0.075 loading class jdk/internal/vm/vector/VectorSupport$VectorMask
Event: 0.075 loading class jdk/internal/vm/vector/VectorSupport$VectorMask done
Event: 0.075 loading class jdk/internal/vm/vector/VectorSupport$VectorShuffle
Event: 0.075 loading class jdk/internal/vm/vector/VectorSupport$VectorShuffle done
Event: 0.089 loading class java/lang/NullPointerException
Event: 0.089 loading class java/lang/NullPointerException done
Event: 0.089 loading class java/lang/ArithmeticException
Event: 0.089 loading class java/lang/ArithmeticException done


Dynamic libraries:
0x00007ff78e0c0000 - 0x00007ff78e0ce000 	c:\Users\顯闉\.vscode\extensions\redhat.java-1.25.0-win32-x64\jre\17.0.9-win32-x86_64\bin\java.exe
0x00007ffe326b0000 - 0x00007ffe328a8000 	C:\WINDOWS\SYSTEM32\ntdll.dll
0x00007ffe30ec0000 - 0x00007ffe30f7d000 	C:\WINDOWS\System32\KERNEL32.DLL
0x00007ffe30410000 - 0x00007ffe30706000 	C:\WINDOWS\System32\KERNELBASE.dll
0x00007ffe30070000 - 0x00007ffe30170000 	C:\WINDOWS\System32\ucrtbase.dll
0x00007ffe29230000 - 0x00007ffe29247000 	c:\Users\顯闉\.vscode\extensions\redhat.java-1.25.0-win32-x64\jre\17.0.9-win32-x86_64\bin\jli.dll
0x00007ffe30710000 - 0x00007ffe308ae000 	C:\WINDOWS\System32\USER32.dll
0x00007ffe2fd90000 - 0x00007ffe2fdb2000 	C:\WINDOWS\System32\win32u.dll
0x00007ffe308d0000 - 0x00007ffe308fc000 	C:\WINDOWS\System32\GDI32.dll
0x00007ffe302a0000 - 0x00007ffe303ba000 	C:\WINDOWS\System32\gdi32full.dll
0x00007ffe30200000 - 0x00007ffe3029d000 	C:\WINDOWS\System32\msvcp_win.dll
0x00007ffe28e90000 - 0x00007ffe28eab000 	c:\Users\顯闉\.vscode\extensions\redhat.java-1.25.0-win32-x64\jre\17.0.9-win32-x86_64\bin\VCRUNTIME140.dll
0x00007ffe207d0000 - 0x00007ffe20a6a000 	C:\WINDOWS\WinSxS\amd64_microsoft.windows.common-controls_6595b64144ccf1df_6.0.19041.3636_none_60b6a03d71f818d5\COMCTL32.dll
0x00007ffe30900000 - 0x00007ffe3099e000 	C:\WINDOWS\System32\msvcrt.dll
0x00007ffe31780000 - 0x00007ffe317b0000 	C:\WINDOWS\System32\IMM32.DLL
0x00007ffe29b50000 - 0x00007ffe29b5c000 	c:\Users\顯闉\.vscode\extensions\redhat.java-1.25.0-win32-x64\jre\17.0.9-win32-x86_64\bin\vcruntime140_1.dll
0x00007ffe09ae0000 - 0x00007ffe09b6d000 	c:\Users\顯闉\.vscode\extensions\redhat.java-1.25.0-win32-x64\jre\17.0.9-win32-x86_64\bin\msvcp140.dll
0x00007ffde1110000 - 0x00007ffde1d71000 	c:\Users\顯闉\.vscode\extensions\redhat.java-1.25.0-win32-x64\jre\17.0.9-win32-x86_64\bin\server\jvm.dll
0x00007ffe32550000 - 0x00007ffe325ff000 	C:\WINDOWS\System32\ADVAPI32.dll
0x00007ffe31e10000 - 0x00007ffe31eac000 	C:\WINDOWS\System32\sechost.dll
0x00007ffe317c0000 - 0x00007ffe318e6000 	C:\WINDOWS\System32\RPCRT4.dll
0x00007ffe2f930000 - 0x00007ffe2f97b000 	C:\WINDOWS\SYSTEM32\POWRPROF.dll
0x00007ffe23340000 - 0x00007ffe23349000 	C:\WINDOWS\SYSTEM32\WSOCK32.dll
0x00007ffe32600000 - 0x00007ffe3266b000 	C:\WINDOWS\System32\WS2_32.dll
0x00007ffe16700000 - 0x00007ffe16727000 	C:\WINDOWS\SYSTEM32\WINMM.dll
0x00007ffe2bd70000 - 0x00007ffe2bd7a000 	C:\WINDOWS\SYSTEM32\VERSION.dll
0x00007ffe2f8f0000 - 0x00007ffe2f902000 	C:\WINDOWS\SYSTEM32\UMPDC.dll
0x00007ffe2e630000 - 0x00007ffe2e642000 	C:\WINDOWS\SYSTEM32\kernel.appcore.dll
0x00007ffe29a90000 - 0x00007ffe29a9a000 	c:\Users\顯闉\.vscode\extensions\redhat.java-1.25.0-win32-x64\jre\17.0.9-win32-x86_64\bin\jimage.dll
0x00007ffe2e2b0000 - 0x00007ffe2e494000 	C:\WINDOWS\SYSTEM32\DBGHELP.DLL
0x00007ffe27ee0000 - 0x00007ffe27f14000 	C:\WINDOWS\SYSTEM32\dbgcore.DLL
0x00007ffe30170000 - 0x00007ffe301f2000 	C:\WINDOWS\System32\bcryptPrimitives.dll
0x00007ffe29a60000 - 0x00007ffe29a6e000 	c:\Users\顯闉\.vscode\extensions\redhat.java-1.25.0-win32-x64\jre\17.0.9-win32-x86_64\bin\instrument.dll
0x00007ffe201c0000 - 0x00007ffe201e5000 	c:\Users\顯闉\.vscode\extensions\redhat.java-1.25.0-win32-x64\jre\17.0.9-win32-x86_64\bin\java.dll
0x00007ffe28af0000 - 0x00007ffe28b08000 	c:\Users\顯闉\.vscode\extensions\redhat.java-1.25.0-win32-x64\jre\17.0.9-win32-x86_64\bin\zip.dll

dbghelp: loaded successfully - version: 4.0.5 - missing functions: none
symbol engine: initialized successfully - sym options: 0x614 - pdb path: .;c:\Users\顯闉\.vscode\extensions\redhat.java-1.25.0-win32-x64\jre\17.0.9-win32-x86_64\bin;C:\WINDOWS\SYSTEM32;C:\WINDOWS\WinSxS\amd64_microsoft.windows.common-controls_6595b64144ccf1df_6.0.19041.3636_none_60b6a03d71f818d5;c:\Users\顯闉\.vscode\extensions\redhat.java-1.25.0-win32-x64\jre\17.0.9-win32-x86_64\bin\server

VM Arguments:
jvm_args: --add-modules=ALL-SYSTEM --add-opens=java.base/java.util=ALL-UNNAMED --add-opens=java.base/java.lang=ALL-UNNAMED --add-opens=java.base/sun.nio.fs=ALL-UNNAMED -Declipse.application=org.eclipse.jdt.ls.core.id1 -Dosgi.bundles.defaultStartLevel=4 -Declipse.product=org.eclipse.jdt.ls.core.product -Djava.import.generatesMetadataFilesAtProjectRoot=false -DDetectVMInstallationsJob.disabled=true -Dfile.encoding=utf8 -XX:+UseParallelGC -XX:GCTimeRatio=4 -XX:AdaptiveSizePolicyWeight=90 -Dsun.zip.disableMemoryMapping=true -Xmx1G -Xms100m -Xlog:disable -javaagent:c:\Users\顯闉\.vscode\extensions\redhat.java-1.25.0-win32-x64\lombok\lombok-1.18.30.jar -XX:+HeapDumpOnOutOfMemoryError -XX:HeapDumpPath=c:\Users\顯闉\AppData\Roaming\Code\User\workspaceStorage\26e44e572e65a93c5b02d3bb3715b486\redhat.java -Daether.dependencyCollector.impl=bf 
java_command: c:\Users\顯闉\.vscode\extensions\redhat.java-1.25.0-win32-x64\server\plugins\org.eclipse.equinox.launcher_1.6.600.v20231012-1237.jar -configuration c:\Users\顯闉\AppData\Roaming\Code\User\globalStorage\redhat.java\1.25.0\config_win -data c:\Users\顯闉\AppData\Roaming\Code\User\workspaceStorage\26e44e572e65a93c5b02d3bb3715b486\redhat.java\jdt_ws --stdio
java_class_path (initial): c:\Users\顯闉\.vscode\extensions\redhat.java-1.25.0-win32-x64\server\plugins\org.eclipse.equinox.launcher_1.6.600.v20231012-1237.jar
Launcher Type: SUN_STANDARD

[Global flags]
    uintx AdaptiveSizePolicyWeight                 = 90                                        {product} {command line}
     intx CICompilerCount                          = 3                                         {product} {ergonomic}
    uintx GCTimeRatio                              = 4                                         {product} {command line}
     bool HeapDumpOnOutOfMemoryError               = true                                   {manageable} {command line}
    ccstr HeapDumpPath                             = c:\Users\顯闉\AppData\Roaming\Code\User\workspaceStorage\26e44e572e65a93c5b02d3bb3715b486\redhat.java         {manageable} {command line}
   size_t InitialHeapSize                          = 104857600                                 {product} {command line}
   size_t MaxHeapSize                              = 1073741824                                {product} {command line}
   size_t MaxNewSize                               = 357564416                                 {product} {ergonomic}
   size_t MinHeapDeltaBytes                        = 524288                                    {product} {ergonomic}
   size_t MinHeapSize                              = 104857600                                 {product} {command line}
   size_t NewSize                                  = 34603008                                  {product} {ergonomic}
    uintx NonNMethodCodeHeapSize                   = 5832780                                {pd product} {ergonomic}
    uintx NonProfiledCodeHeapSize                  = 122912730                              {pd product} {ergonomic}
   size_t OldSize                                  = 70254592                                  {product} {ergonomic}
    uintx ProfiledCodeHeapSize                     = 122912730                              {pd product} {ergonomic}
    uintx ReservedCodeCacheSize                    = 251658240                              {pd product} {ergonomic}
     bool SegmentedCodeCache                       = true                                      {product} {ergonomic}
   size_t SoftMaxHeapSize                          = 1073741824                             {manageable} {ergonomic}
     bool UseCompressedClassPointers               = true                           {product lp64_product} {ergonomic}
     bool UseCompressedOops                        = true                           {product lp64_product} {ergonomic}
     bool UseLargePagesIndividualAllocation        = false                                  {pd product} {ergonomic}
     bool UseParallelGC                            = true                                      {product} {command line}

Logging:
Log output configuration:
 #0: stdout all=off uptime,level,tags
 #1: stderr all=off uptime,level,tags

Environment Variables:
JAVA_HOME=C:\Program Files\Java\jdk-21
PATH=C:\ProgramData\Oracle\Java\javapath;C:\Windows\system32;C:\Windows;C:\Windows\System32\Wbem;C:\Windows\System32\WindowsPowerShell\v1.0\;C:\Windows\System32\OpenSSH\;C:\Program Files\Intel\WiFi\bin\;C:\Program Files\Common Files\Intel\WirelessCommon\;C:\WINDOWS\system32;C:\WINDOWS;C:\WINDOWS\System32\Wbem;C:\WINDOWS\System32\WindowsPowerShell\v1.0\;C:\WINDOWS\System32\OpenSSH\;C:\Program Files (x86)\NVIDIA Corporation\PhysX\Common;C:\Program Files\dotnet\;C:\Program Files (x86)\GtkSharp\2.12\bin;C:\WINDOWS\system32;C:\WINDOWS;C:\WINDOWS\System32\Wbem;C:\WINDOWS\System32\WindowsPowerShell\v1.0\;C:\WINDOWS\System32\OpenSSH\;";C:\Program Files\AndroidADT\sdk\platform-tools\";C:\Program Files\nodejs\;C:\Program Files\Git\cmd;C:\Program Files\nodejs;C:\Program Files\Go\bin;C:\Program Files\Java\jdk-21\bin;C:\Users\顯闉\Documents\mpj-v0_44\bin;C:\Ruby32-x64\bin;C:\python37\Scripts\;C:\python37\;C:\Users\顯闉\AppData\Local\Microsoft\WindowsApps;C:\Users\顯闉\AppData\Local\Programs\Microsoft VS Code\bin;C:\Users\顯闉\AppData\Roaming\npm;C:\Program Files\nodejs;C:\Users\顯闉\go\bin
USERNAME=顯闉
OS=Windows_NT
PROCESSOR_IDENTIFIER=Intel64 Family 6 Model 142 Stepping 9, GenuineIntel
TMP=C:\Users\A946~1\AppData\Local\Temp
TEMP=C:\Users\A946~1\AppData\Local\Temp



Periodic native trim disabled


---------------  S Y S T E M  ---------------

OS:
 Windows 10 , 64 bit Build 19041 (10.0.19041.3636)
OS uptime: 16 days 6:33 hours

CPU: total 4 (initial active 4) (2 cores per cpu, 2 threads per core) family 6 model 142 stepping 9 microcode 0xb4, cx8, cmov, fxsr, ht, mmx, 3dnowpref, sse, sse2, sse3, ssse3, sse4.1, sse4.2, popcnt, lzcnt, tsc, tscinvbit, avx, avx2, aes, erms, clmul, bmi1, bmi2, adx, fma, vzeroupper, clflush, clflushopt
Processor Information for all 4 processors :
  Max Mhz: 2400, Current Mhz: 2400, Mhz Limit: 2400

Memory: 4k page, system-wide physical 3979M (373M free)
TotalPageFile size 16267M (AvailPageFile size 4M)
current process WorkingSet (physical memory assigned to process): 15M, peak: 15M
current process commit charge ("private bytes"): 148M, peak: 149M

vm_info: OpenJDK 64-Bit Server VM (17.0.9+9) for windows-amd64 JRE (17.0.9+9), built on Oct 26 2023 14:01:42 by "admin" with MS VC++ 16.10 / 16.11 (VS2019)

END.
